2026-01-17 14:31:29,697 - app.routes.generate - INFO - run_generation_task:109 - Starting generation task gen_444942 for E:\SEM 3\EL\Glimpse3D\assets\uploads\-547965826885425965_input.png
2026-01-17 14:31:29,819 - app.services.gsplat_service - INFO - reconstruct_3d:58 - Running reconstruction: python E:\SEM 3\EL\Glimpse3D\backend\ai_modules\gsplat\reconstruct.py E:\SEM 3\EL\Glimpse3D\assets\uploads\-547965826885425965_input.png --output C:\Users\asus\AppData\Local\Temp\glimpse3d_generation_3jeh4d2k\reconstructed.ply
2026-01-17 14:31:29,825 - app.services.gsplat_service - ERROR - reconstruct_3d:109 - Reconstruction failed: [WinError 267] The directory name is invalid
Traceback (most recent call last):
  File "E:\SEM 3\EL\Glimpse3D\backend\app\services\gsplat_service.py", line 61, in reconstruct_3d
    result = subprocess.run(
             ^^^^^^^^^^^^^^^
  File "C:\Users\asus\AppData\Local\Programs\Python\Python311\Lib\subprocess.py", line 548, in run
    with Popen(*popenargs, **kwargs) as process:
         ^^^^^^^^^^^^^^^^^^^^^^^^^^^
  File "C:\Users\asus\AppData\Local\Programs\Python\Python311\Lib\subprocess.py", line 1026, in __init__
    self._execute_child(args, executable, preexec_fn, close_fds,
  File "C:\Users\asus\AppData\Local\Programs\Python\Python311\Lib\subprocess.py", line 1538, in _execute_child
    hp, ht, pid, tid = _winapi.CreateProcess(executable, args,
                       ^^^^^^^^^^^^^^^^^^^^^^^^^^^^^^^^^^^^^^^
NotADirectoryError: [WinError 267] The directory name is invalid
2026-01-17 14:31:29,833 - app.routes.generate - ERROR - run_generation_task:133 - Generation task gen_444942 failed: Reconstruction failed: [WinError 267] The directory name is invalid
2026-01-17 14:32:51,742 - app.routes.generate - INFO - run_generation_task:109 - Starting generation task gen_297368 for E:\SEM 3\EL\Glimpse3D\assets\uploads\7136102275371247539_input.png
2026-01-17 14:32:51,753 - app.services.gsplat_service - INFO - reconstruct_3d:63 - Running reconstruction: python E:\SEM 3\EL\Glimpse3D\ai_modules\gsplat\reconstruct.py E:\SEM 3\EL\Glimpse3D\assets\uploads\7136102275371247539_input.png --output C:\Users\asus\AppData\Local\Temp\glimpse3d_generation_l32ct2y6\reconstructed.ply
2026-01-17 14:33:43,026 - app.services.gsplat_service - INFO - reconstruct_3d:76 - Reconstruction successful: C:\Users\asus\AppData\Local\Temp\glimpse3d_generation_l32ct2y6\reconstructed.ply
2026-01-17 14:33:43,027 - app.routes.generate - INFO - run_generation_task:126 - Generation task gen_297368 completed successfully
2026-01-17 14:45:13,878 - app.routes.generate - INFO - run_generation_task:112 - Starting generation task gen_973503 for E:\SEM 3\EL\Glimpse3D\assets\uploads\-6576181226035178052_chair.jpg
2026-01-17 14:45:13,878 - app.services.gsplat_service - INFO - reconstruct_3d:63 - Running reconstruction: python E:\SEM 3\EL\Glimpse3D\ai_modules\gsplat\reconstruct.py E:\SEM 3\EL\Glimpse3D\assets\uploads\-6576181226035178052_chair.jpg --output E:\SEM 3\EL\Glimpse3D\assets\outputs\gen_973503\reconstructed.ply
2026-01-17 14:46:00,968 - app.services.gsplat_service - INFO - reconstruct_3d:76 - Reconstruction successful: E:\SEM 3\EL\Glimpse3D\assets\outputs\gen_973503\reconstructed.ply
2026-01-17 14:46:26,715 - app.services.pipeline_manager - WARNING - _run_multi_view_generation:217 - SyncDreamerService not available, using single view only
2026-01-17 14:46:35,622 - app.services.diffusion_service - ERROR - initialize:46 - Failed to initialize diffusion service: Failed to import diffusers.pipelines.controlnet.pipeline_controlnet_sd_xl_img2img because of the following error (look up to see its traceback):
Failed to import diffusers.loaders.ip_adapter because of the following error (look up to see its traceback):
DLL load failed while importing _C: The specified procedure could not be found.
2026-01-17 14:46:35,625 - app.services.diffusion_service - ERROR - enhance_views:160 - Batch enhancement failed: Failed to import diffusers.pipelines.controlnet.pipeline_controlnet_sd_xl_img2img because of the following error (look up to see its traceback):
Failed to import diffusers.loaders.ip_adapter because of the following error (look up to see its traceback):
DLL load failed while importing _C: The specified procedure could not be found.
Traceback (most recent call last):
  File "C:\Users\asus\AppData\Local\Programs\Python\Python311\Lib\site-packages\diffusers\utils\import_utils.py", line 953, in _get_module
    return importlib.import_module("." + module_name, self.__name__)
           ^^^^^^^^^^^^^^^^^^^^^^^^^^^^^^^^^^^^^^^^^^^^^^^^^^^^^^^^^
  File "C:\Users\asus\AppData\Local\Programs\Python\Python311\Lib\importlib\__init__.py", line 126, in import_module
    return _bootstrap._gcd_import(name[level:], package, level)
           ^^^^^^^^^^^^^^^^^^^^^^^^^^^^^^^^^^^^^^^^^^^^^^^^^^^^
  File "<frozen importlib._bootstrap>", line 1204, in _gcd_import
  File "<frozen importlib._bootstrap>", line 1176, in _find_and_load
  File "<frozen importlib._bootstrap>", line 1147, in _find_and_load_unlocked
  File "<frozen importlib._bootstrap>", line 690, in _load_unlocked
  File "<frozen importlib._bootstrap_external>", line 940, in exec_module
  File "<frozen importlib._bootstrap>", line 241, in _call_with_frames_removed
  File "C:\Users\asus\AppData\Local\Programs\Python\Python311\Lib\site-packages\diffusers\loaders\ip_adapter.py", line 40, in <module>
    from ..models.attention_processor import (
  File "C:\Users\asus\AppData\Local\Programs\Python\Python311\Lib\site-packages\diffusers\models\attention_processor.py", line 35, in <module>
    import xformers.ops
  File "C:\Users\asus\AppData\Local\Programs\Python\Python311\Lib\site-packages\xformers\ops\__init__.py", line 9, in <module>
    from .fmha import (
  File "C:\Users\asus\AppData\Local\Programs\Python\Python311\Lib\site-packages\xformers\ops\fmha\__init__.py", line 10, in <module>
    from . import (
  File "C:\Users\asus\AppData\Local\Programs\Python\Python311\Lib\site-packages\xformers\ops\fmha\flash3.py", line 110, in <module>
    from ...flash_attn_3 import _C  # type: ignore[attr-defined]  # noqa: F401
    ^^^^^^^^^^^^^^^^^^^^^^^^^^^^^^
ImportError: DLL load failed while importing _C: The specified procedure could not be found.

The above exception was the direct cause of the following exception:

Traceback (most recent call last):
  File "C:\Users\asus\AppData\Local\Programs\Python\Python311\Lib\site-packages\diffusers\utils\import_utils.py", line 953, in _get_module
    return importlib.import_module("." + module_name, self.__name__)
           ^^^^^^^^^^^^^^^^^^^^^^^^^^^^^^^^^^^^^^^^^^^^^^^^^^^^^^^^^
  File "C:\Users\asus\AppData\Local\Programs\Python\Python311\Lib\importlib\__init__.py", line 126, in import_module
    return _bootstrap._gcd_import(name[level:], package, level)
           ^^^^^^^^^^^^^^^^^^^^^^^^^^^^^^^^^^^^^^^^^^^^^^^^^^^^
  File "<frozen importlib._bootstrap>", line 1204, in _gcd_import
  File "<frozen importlib._bootstrap>", line 1176, in _find_and_load
  File "<frozen importlib._bootstrap>", line 1147, in _find_and_load_unlocked
  File "<frozen importlib._bootstrap>", line 690, in _load_unlocked
  File "<frozen importlib._bootstrap_external>", line 940, in exec_module
  File "<frozen importlib._bootstrap>", line 241, in _call_with_frames_removed
  File "C:\Users\asus\AppData\Local\Programs\Python\Python311\Lib\site-packages\diffusers\pipelines\controlnet\pipeline_controlnet_sd_xl_img2img.py", line 35, in <module>
    from ...loaders import (
  File "<frozen importlib._bootstrap>", line 1229, in _handle_fromlist
  File "C:\Users\asus\AppData\Local\Programs\Python\Python311\Lib\site-packages\diffusers\utils\import_utils.py", line 943, in __getattr__
    module = self._get_module(self._class_to_module[name])
             ^^^^^^^^^^^^^^^^^^^^^^^^^^^^^^^^^^^^^^^^^^^^^
  File "C:\Users\asus\AppData\Local\Programs\Python\Python311\Lib\site-packages\diffusers\utils\import_utils.py", line 955, in _get_module
    raise RuntimeError(
RuntimeError: Failed to import diffusers.loaders.ip_adapter because of the following error (look up to see its traceback):
DLL load failed while importing _C: The specified procedure could not be found.

The above exception was the direct cause of the following exception:

Traceback (most recent call last):
  File "E:\SEM 3\EL\Glimpse3D\backend\app\services\diffusion_service.py", line 121, in enhance_views
    await self.initialize()
  File "E:\SEM 3\EL\Glimpse3D\backend\app\services\diffusion_service.py", line 39, in initialize
    self.enhance_service.load()
  File "E:\SEM 3\EL\Glimpse3D\ai_modules\diffusion\enhance_service.py", line 182, in load
    self.pipeline.load()
  File "E:\SEM 3\EL\Glimpse3D\ai_modules\diffusion\sdxl_lightning.py", line 152, in load
    from diffusers import (
  File "<frozen importlib._bootstrap>", line 1229, in _handle_fromlist
  File "C:\Users\asus\AppData\Local\Programs\Python\Python311\Lib\site-packages\diffusers\utils\import_utils.py", line 944, in __getattr__
    value = getattr(module, name)
            ^^^^^^^^^^^^^^^^^^^^^
  File "C:\Users\asus\AppData\Local\Programs\Python\Python311\Lib\site-packages\diffusers\utils\import_utils.py", line 944, in __getattr__
    value = getattr(module, name)
            ^^^^^^^^^^^^^^^^^^^^^
  File "C:\Users\asus\AppData\Local\Programs\Python\Python311\Lib\site-packages\diffusers\utils\import_utils.py", line 943, in __getattr__
    module = self._get_module(self._class_to_module[name])
             ^^^^^^^^^^^^^^^^^^^^^^^^^^^^^^^^^^^^^^^^^^^^^
  File "C:\Users\asus\AppData\Local\Programs\Python\Python311\Lib\site-packages\diffusers\utils\import_utils.py", line 955, in _get_module
    raise RuntimeError(
RuntimeError: Failed to import diffusers.pipelines.controlnet.pipeline_controlnet_sd_xl_img2img because of the following error (look up to see its traceback):
Failed to import diffusers.loaders.ip_adapter because of the following error (look up to see its traceback):
DLL load failed while importing _C: The specified procedure could not be found.
2026-01-17 14:46:36,066 - app.services.pipeline_manager - WARNING - _run_diffusion_enhancement:247 - Diffusion enhancement failed: Batch enhancement failed: Failed to import diffusers.pipelines.controlnet.pipeline_controlnet_sd_xl_img2img because of the following error (look up to see its traceback):
Failed to import diffusers.loaders.ip_adapter because of the following error (look up to see its traceback):
DLL load failed while importing _C: The specified procedure could not be found.
2026-01-17 14:46:36,068 - app.services.gsplat_service - INFO - optimize_splats:214 - Running optimization: python E:\SEM 3\EL\Glimpse3D\ai_modules\gsplat\train.py E:\SEM 3\EL\Glimpse3D\assets\uploads\-6576181226035178052_chair.jpg --out E:\SEM 3\EL\Glimpse3D\assets\outputs\gen_973503 --ply_path E:\SEM 3\EL\Glimpse3D\assets\outputs\gen_973503\reconstructed.ply --iter 100
2026-01-17 14:46:55,061 - app.services.gsplat_service - INFO - optimize_splats:229 - Optimization successful: E:\SEM 3\EL\Glimpse3D\assets\outputs\gen_973503\reconstructed.ply
2026-01-17 14:46:55,065 - app.routes.generate - INFO - run_generation_task:133 - Generation task gen_973503 completed successfully
2026-01-17 14:48:56,447 - app.routes.generate - INFO - run_generation_task:112 - Starting generation task gen_973503 for E:\SEM 3\EL\Glimpse3D\assets\uploads\-6576181226035178052_chair.jpg
2026-01-17 14:48:56,448 - app.services.gsplat_service - INFO - reconstruct_3d:63 - Running reconstruction: python E:\SEM 3\EL\Glimpse3D\ai_modules\gsplat\reconstruct.py E:\SEM 3\EL\Glimpse3D\assets\uploads\-6576181226035178052_chair.jpg --output E:\SEM 3\EL\Glimpse3D\assets\outputs\gen_973503\reconstructed.ply
2026-01-17 14:49:45,808 - app.services.gsplat_service - INFO - reconstruct_3d:76 - Reconstruction successful: E:\SEM 3\EL\Glimpse3D\assets\outputs\gen_973503\reconstructed.ply
2026-01-17 14:49:45,828 - app.services.pipeline_manager - WARNING - _run_multi_view_generation:217 - SyncDreamerService not available, using single view only
2026-01-17 14:49:45,877 - app.services.diffusion_service - ERROR - initialize:46 - Failed to initialize diffusion service: Failed to import diffusers.pipelines.controlnet.pipeline_controlnet_sd_xl_img2img because of the following error (look up to see its traceback):
Failed to import diffusers.loaders.ip_adapter because of the following error (look up to see its traceback):
DLL load failed while importing _C: The specified procedure could not be found.
2026-01-17 14:49:45,877 - app.services.diffusion_service - ERROR - enhance_views:160 - Batch enhancement failed: Failed to import diffusers.pipelines.controlnet.pipeline_controlnet_sd_xl_img2img because of the following error (look up to see its traceback):
Failed to import diffusers.loaders.ip_adapter because of the following error (look up to see its traceback):
DLL load failed while importing _C: The specified procedure could not be found.
Traceback (most recent call last):
  File "C:\Users\asus\AppData\Local\Programs\Python\Python311\Lib\site-packages\diffusers\utils\import_utils.py", line 953, in _get_module
    return importlib.import_module("." + module_name, self.__name__)
           ^^^^^^^^^^^^^^^^^^^^^^^^^^^^^^^^^^^^^^^^^^^^^^^^^^^^^^^^^
  File "C:\Users\asus\AppData\Local\Programs\Python\Python311\Lib\importlib\__init__.py", line 126, in import_module
    return _bootstrap._gcd_import(name[level:], package, level)
           ^^^^^^^^^^^^^^^^^^^^^^^^^^^^^^^^^^^^^^^^^^^^^^^^^^^^
  File "<frozen importlib._bootstrap>", line 1204, in _gcd_import
  File "<frozen importlib._bootstrap>", line 1176, in _find_and_load
  File "<frozen importlib._bootstrap>", line 1147, in _find_and_load_unlocked
  File "<frozen importlib._bootstrap>", line 690, in _load_unlocked
  File "<frozen importlib._bootstrap_external>", line 940, in exec_module
  File "<frozen importlib._bootstrap>", line 241, in _call_with_frames_removed
  File "C:\Users\asus\AppData\Local\Programs\Python\Python311\Lib\site-packages\diffusers\loaders\ip_adapter.py", line 40, in <module>
    from ..models.attention_processor import (
  File "C:\Users\asus\AppData\Local\Programs\Python\Python311\Lib\site-packages\diffusers\models\attention_processor.py", line 35, in <module>
    import xformers.ops
  File "C:\Users\asus\AppData\Local\Programs\Python\Python311\Lib\site-packages\xformers\ops\__init__.py", line 9, in <module>
    from .fmha import (
  File "C:\Users\asus\AppData\Local\Programs\Python\Python311\Lib\site-packages\xformers\ops\fmha\__init__.py", line 10, in <module>
    from . import (
  File "C:\Users\asus\AppData\Local\Programs\Python\Python311\Lib\site-packages\xformers\ops\fmha\flash3.py", line 110, in <module>
    from ...flash_attn_3 import _C  # type: ignore[attr-defined]  # noqa: F401
    ^^^^^^^^^^^^^^^^^^^^^^^^^^^^^^
ImportError: DLL load failed while importing _C: The specified procedure could not be found.

The above exception was the direct cause of the following exception:

Traceback (most recent call last):
  File "C:\Users\asus\AppData\Local\Programs\Python\Python311\Lib\site-packages\diffusers\utils\import_utils.py", line 953, in _get_module
    return importlib.import_module("." + module_name, self.__name__)
           ^^^^^^^^^^^^^^^^^^^^^^^^^^^^^^^^^^^^^^^^^^^^^^^^^^^^^^^^^
  File "C:\Users\asus\AppData\Local\Programs\Python\Python311\Lib\importlib\__init__.py", line 126, in import_module
    return _bootstrap._gcd_import(name[level:], package, level)
           ^^^^^^^^^^^^^^^^^^^^^^^^^^^^^^^^^^^^^^^^^^^^^^^^^^^^
  File "<frozen importlib._bootstrap>", line 1204, in _gcd_import
  File "<frozen importlib._bootstrap>", line 1176, in _find_and_load
  File "<frozen importlib._bootstrap>", line 1147, in _find_and_load_unlocked
  File "<frozen importlib._bootstrap>", line 690, in _load_unlocked
  File "<frozen importlib._bootstrap_external>", line 940, in exec_module
  File "<frozen importlib._bootstrap>", line 241, in _call_with_frames_removed
  File "C:\Users\asus\AppData\Local\Programs\Python\Python311\Lib\site-packages\diffusers\pipelines\controlnet\pipeline_controlnet_sd_xl_img2img.py", line 35, in <module>
    from ...loaders import (
  File "<frozen importlib._bootstrap>", line 1229, in _handle_fromlist
  File "C:\Users\asus\AppData\Local\Programs\Python\Python311\Lib\site-packages\diffusers\utils\import_utils.py", line 943, in __getattr__
    module = self._get_module(self._class_to_module[name])
             ^^^^^^^^^^^^^^^^^^^^^^^^^^^^^^^^^^^^^^^^^^^^^
  File "C:\Users\asus\AppData\Local\Programs\Python\Python311\Lib\site-packages\diffusers\utils\import_utils.py", line 955, in _get_module
    raise RuntimeError(
RuntimeError: Failed to import diffusers.loaders.ip_adapter because of the following error (look up to see its traceback):
DLL load failed while importing _C: The specified procedure could not be found.

The above exception was the direct cause of the following exception:

Traceback (most recent call last):
  File "E:\SEM 3\EL\Glimpse3D\backend\app\services\diffusion_service.py", line 121, in enhance_views
    await self.initialize()
  File "E:\SEM 3\EL\Glimpse3D\backend\app\services\diffusion_service.py", line 39, in initialize
    self.enhance_service.load()
  File "E:\SEM 3\EL\Glimpse3D\ai_modules\diffusion\enhance_service.py", line 182, in load
    self.pipeline.load()
  File "E:\SEM 3\EL\Glimpse3D\ai_modules\diffusion\sdxl_lightning.py", line 152, in load
    from diffusers import (
  File "<frozen importlib._bootstrap>", line 1229, in _handle_fromlist
  File "C:\Users\asus\AppData\Local\Programs\Python\Python311\Lib\site-packages\diffusers\utils\import_utils.py", line 944, in __getattr__
    value = getattr(module, name)
            ^^^^^^^^^^^^^^^^^^^^^
  File "C:\Users\asus\AppData\Local\Programs\Python\Python311\Lib\site-packages\diffusers\utils\import_utils.py", line 944, in __getattr__
    value = getattr(module, name)
            ^^^^^^^^^^^^^^^^^^^^^
  File "C:\Users\asus\AppData\Local\Programs\Python\Python311\Lib\site-packages\diffusers\utils\import_utils.py", line 943, in __getattr__
    module = self._get_module(self._class_to_module[name])
             ^^^^^^^^^^^^^^^^^^^^^^^^^^^^^^^^^^^^^^^^^^^^^
  File "C:\Users\asus\AppData\Local\Programs\Python\Python311\Lib\site-packages\diffusers\utils\import_utils.py", line 955, in _get_module
    raise RuntimeError(
RuntimeError: Failed to import diffusers.pipelines.controlnet.pipeline_controlnet_sd_xl_img2img because of the following error (look up to see its traceback):
Failed to import diffusers.loaders.ip_adapter because of the following error (look up to see its traceback):
DLL load failed while importing _C: The specified procedure could not be found.
2026-01-17 14:49:45,947 - app.services.pipeline_manager - WARNING - _run_diffusion_enhancement:247 - Diffusion enhancement failed: Batch enhancement failed: Failed to import diffusers.pipelines.controlnet.pipeline_controlnet_sd_xl_img2img because of the following error (look up to see its traceback):
Failed to import diffusers.loaders.ip_adapter because of the following error (look up to see its traceback):
DLL load failed while importing _C: The specified procedure could not be found.
2026-01-17 14:49:45,975 - app.services.gsplat_service - INFO - optimize_splats:214 - Running optimization: python E:\SEM 3\EL\Glimpse3D\ai_modules\gsplat\train.py E:\SEM 3\EL\Glimpse3D\assets\uploads\-6576181226035178052_chair.jpg --out E:\SEM 3\EL\Glimpse3D\assets\outputs\gen_973503 --ply_path E:\SEM 3\EL\Glimpse3D\assets\outputs\gen_973503\reconstructed.ply --iter 100
2026-01-17 14:50:06,504 - app.services.gsplat_service - INFO - optimize_splats:229 - Optimization successful: E:\SEM 3\EL\Glimpse3D\assets\outputs\gen_973503\reconstructed.ply
2026-01-17 14:50:06,507 - app.routes.generate - INFO - run_generation_task:133 - Generation task gen_973503 completed successfully
2026-01-17 14:54:35,674 - app.routes.generate - INFO - run_generation_task:112 - Starting generation task gen_973503 for E:\SEM 3\EL\Glimpse3D\assets\uploads\-6576181226035178052_chair.jpg
2026-01-17 14:54:35,678 - app.services.gsplat_service - INFO - reconstruct_3d:63 - Running reconstruction: python E:\SEM 3\EL\Glimpse3D\ai_modules\gsplat\reconstruct.py E:\SEM 3\EL\Glimpse3D\assets\uploads\-6576181226035178052_chair.jpg --output E:\SEM 3\EL\Glimpse3D\assets\outputs\gen_973503\reconstructed.ply
2026-01-17 14:55:41,524 - app.services.gsplat_service - INFO - reconstruct_3d:76 - Reconstruction successful: E:\SEM 3\EL\Glimpse3D\assets\outputs\gen_973503\reconstructed.ply
2026-01-17 14:55:41,645 - app.services.pipeline_manager - WARNING - _run_multi_view_generation:217 - SyncDreamerService not available, using single view only
2026-01-17 14:55:41,701 - app.services.diffusion_service - ERROR - initialize:46 - Failed to initialize diffusion service: Failed to import diffusers.pipelines.controlnet.pipeline_controlnet_sd_xl_img2img because of the following error (look up to see its traceback):
Failed to import diffusers.loaders.ip_adapter because of the following error (look up to see its traceback):
DLL load failed while importing _C: The specified procedure could not be found.
2026-01-17 14:55:41,701 - app.services.diffusion_service - ERROR - enhance_views:160 - Batch enhancement failed: Failed to import diffusers.pipelines.controlnet.pipeline_controlnet_sd_xl_img2img because of the following error (look up to see its traceback):
Failed to import diffusers.loaders.ip_adapter because of the following error (look up to see its traceback):
DLL load failed while importing _C: The specified procedure could not be found.
Traceback (most recent call last):
  File "C:\Users\asus\AppData\Local\Programs\Python\Python311\Lib\site-packages\diffusers\utils\import_utils.py", line 953, in _get_module
    return importlib.import_module("." + module_name, self.__name__)
           ^^^^^^^^^^^^^^^^^^^^^^^^^^^^^^^^^^^^^^^^^^^^^^^^^^^^^^^^^
  File "C:\Users\asus\AppData\Local\Programs\Python\Python311\Lib\importlib\__init__.py", line 126, in import_module
    return _bootstrap._gcd_import(name[level:], package, level)
           ^^^^^^^^^^^^^^^^^^^^^^^^^^^^^^^^^^^^^^^^^^^^^^^^^^^^
  File "<frozen importlib._bootstrap>", line 1204, in _gcd_import
  File "<frozen importlib._bootstrap>", line 1176, in _find_and_load
  File "<frozen importlib._bootstrap>", line 1147, in _find_and_load_unlocked
  File "<frozen importlib._bootstrap>", line 690, in _load_unlocked
  File "<frozen importlib._bootstrap_external>", line 940, in exec_module
  File "<frozen importlib._bootstrap>", line 241, in _call_with_frames_removed
  File "C:\Users\asus\AppData\Local\Programs\Python\Python311\Lib\site-packages\diffusers\loaders\ip_adapter.py", line 40, in <module>
    from ..models.attention_processor import (
  File "C:\Users\asus\AppData\Local\Programs\Python\Python311\Lib\site-packages\diffusers\models\attention_processor.py", line 35, in <module>
    import xformers.ops
  File "C:\Users\asus\AppData\Local\Programs\Python\Python311\Lib\site-packages\xformers\ops\__init__.py", line 9, in <module>
    from .fmha import (
  File "C:\Users\asus\AppData\Local\Programs\Python\Python311\Lib\site-packages\xformers\ops\fmha\__init__.py", line 10, in <module>
    from . import (
  File "C:\Users\asus\AppData\Local\Programs\Python\Python311\Lib\site-packages\xformers\ops\fmha\flash3.py", line 110, in <module>
    from ...flash_attn_3 import _C  # type: ignore[attr-defined]  # noqa: F401
    ^^^^^^^^^^^^^^^^^^^^^^^^^^^^^^
ImportError: DLL load failed while importing _C: The specified procedure could not be found.

The above exception was the direct cause of the following exception:

Traceback (most recent call last):
  File "C:\Users\asus\AppData\Local\Programs\Python\Python311\Lib\site-packages\diffusers\utils\import_utils.py", line 953, in _get_module
    return importlib.import_module("." + module_name, self.__name__)
           ^^^^^^^^^^^^^^^^^^^^^^^^^^^^^^^^^^^^^^^^^^^^^^^^^^^^^^^^^
  File "C:\Users\asus\AppData\Local\Programs\Python\Python311\Lib\importlib\__init__.py", line 126, in import_module
    return _bootstrap._gcd_import(name[level:], package, level)
           ^^^^^^^^^^^^^^^^^^^^^^^^^^^^^^^^^^^^^^^^^^^^^^^^^^^^
  File "<frozen importlib._bootstrap>", line 1204, in _gcd_import
  File "<frozen importlib._bootstrap>", line 1176, in _find_and_load
  File "<frozen importlib._bootstrap>", line 1147, in _find_and_load_unlocked
  File "<frozen importlib._bootstrap>", line 690, in _load_unlocked
  File "<frozen importlib._bootstrap_external>", line 940, in exec_module
  File "<frozen importlib._bootstrap>", line 241, in _call_with_frames_removed
  File "C:\Users\asus\AppData\Local\Programs\Python\Python311\Lib\site-packages\diffusers\pipelines\controlnet\pipeline_controlnet_sd_xl_img2img.py", line 35, in <module>
    from ...loaders import (
  File "<frozen importlib._bootstrap>", line 1229, in _handle_fromlist
  File "C:\Users\asus\AppData\Local\Programs\Python\Python311\Lib\site-packages\diffusers\utils\import_utils.py", line 943, in __getattr__
    module = self._get_module(self._class_to_module[name])
             ^^^^^^^^^^^^^^^^^^^^^^^^^^^^^^^^^^^^^^^^^^^^^
  File "C:\Users\asus\AppData\Local\Programs\Python\Python311\Lib\site-packages\diffusers\utils\import_utils.py", line 955, in _get_module
    raise RuntimeError(
RuntimeError: Failed to import diffusers.loaders.ip_adapter because of the following error (look up to see its traceback):
DLL load failed while importing _C: The specified procedure could not be found.

The above exception was the direct cause of the following exception:

Traceback (most recent call last):
  File "E:\SEM 3\EL\Glimpse3D\backend\app\services\diffusion_service.py", line 121, in enhance_views
    await self.initialize()
  File "E:\SEM 3\EL\Glimpse3D\backend\app\services\diffusion_service.py", line 39, in initialize
    self.enhance_service.load()
  File "E:\SEM 3\EL\Glimpse3D\ai_modules\diffusion\enhance_service.py", line 182, in load
    self.pipeline.load()
  File "E:\SEM 3\EL\Glimpse3D\ai_modules\diffusion\sdxl_lightning.py", line 152, in load
    from diffusers import (
  File "<frozen importlib._bootstrap>", line 1229, in _handle_fromlist
  File "C:\Users\asus\AppData\Local\Programs\Python\Python311\Lib\site-packages\diffusers\utils\import_utils.py", line 944, in __getattr__
    value = getattr(module, name)
            ^^^^^^^^^^^^^^^^^^^^^
  File "C:\Users\asus\AppData\Local\Programs\Python\Python311\Lib\site-packages\diffusers\utils\import_utils.py", line 944, in __getattr__
    value = getattr(module, name)
            ^^^^^^^^^^^^^^^^^^^^^
  File "C:\Users\asus\AppData\Local\Programs\Python\Python311\Lib\site-packages\diffusers\utils\import_utils.py", line 943, in __getattr__
    module = self._get_module(self._class_to_module[name])
             ^^^^^^^^^^^^^^^^^^^^^^^^^^^^^^^^^^^^^^^^^^^^^
  File "C:\Users\asus\AppData\Local\Programs\Python\Python311\Lib\site-packages\diffusers\utils\import_utils.py", line 955, in _get_module
    raise RuntimeError(
RuntimeError: Failed to import diffusers.pipelines.controlnet.pipeline_controlnet_sd_xl_img2img because of the following error (look up to see its traceback):
Failed to import diffusers.loaders.ip_adapter because of the following error (look up to see its traceback):
DLL load failed while importing _C: The specified procedure could not be found.
2026-01-17 14:55:41,710 - app.services.pipeline_manager - WARNING - _run_diffusion_enhancement:247 - Diffusion enhancement failed: Batch enhancement failed: Failed to import diffusers.pipelines.controlnet.pipeline_controlnet_sd_xl_img2img because of the following error (look up to see its traceback):
Failed to import diffusers.loaders.ip_adapter because of the following error (look up to see its traceback):
DLL load failed while importing _C: The specified procedure could not be found.
2026-01-17 14:55:41,712 - app.services.gsplat_service - INFO - optimize_splats:214 - Running optimization: python E:\SEM 3\EL\Glimpse3D\ai_modules\gsplat\train.py E:\SEM 3\EL\Glimpse3D\assets\uploads\-6576181226035178052_chair.jpg --out E:\SEM 3\EL\Glimpse3D\assets\outputs\gen_973503 --ply_path E:\SEM 3\EL\Glimpse3D\assets\outputs\gen_973503\reconstructed.ply --iter 100
2026-01-17 14:56:04,228 - app.services.gsplat_service - INFO - optimize_splats:229 - Optimization successful: E:\SEM 3\EL\Glimpse3D\assets\outputs\gen_973503\reconstructed.ply
2026-01-17 14:56:04,229 - app.routes.generate - INFO - run_generation_task:133 - Generation task gen_973503 completed successfully
2026-01-17 14:56:50,308 - app.routes.generate - INFO - run_generation_task:112 - Starting generation task gen_973503 for E:\SEM 3\EL\Glimpse3D\assets\uploads\-6576181226035178052_chair.jpg
2026-01-17 14:56:50,310 - app.services.gsplat_service - INFO - reconstruct_3d:63 - Running reconstruction: python E:\SEM 3\EL\Glimpse3D\ai_modules\gsplat\reconstruct.py E:\SEM 3\EL\Glimpse3D\assets\uploads\-6576181226035178052_chair.jpg --output E:\SEM 3\EL\Glimpse3D\assets\outputs\gen_973503\reconstructed.ply
2026-01-17 14:57:20,775 - app.services.gsplat_service - INFO - reconstruct_3d:76 - Reconstruction successful: E:\SEM 3\EL\Glimpse3D\assets\outputs\gen_973503\reconstructed.ply
2026-01-17 14:57:20,796 - app.services.pipeline_manager - WARNING - _run_multi_view_generation:217 - SyncDreamerService not available, using single view only
2026-01-17 14:57:20,843 - app.services.diffusion_service - ERROR - initialize:46 - Failed to initialize diffusion service: Failed to import diffusers.pipelines.controlnet.pipeline_controlnet_sd_xl_img2img because of the following error (look up to see its traceback):
Failed to import diffusers.loaders.ip_adapter because of the following error (look up to see its traceback):
DLL load failed while importing _C: The specified procedure could not be found.
2026-01-17 14:57:20,843 - app.services.diffusion_service - ERROR - enhance_views:160 - Batch enhancement failed: Failed to import diffusers.pipelines.controlnet.pipeline_controlnet_sd_xl_img2img because of the following error (look up to see its traceback):
Failed to import diffusers.loaders.ip_adapter because of the following error (look up to see its traceback):
DLL load failed while importing _C: The specified procedure could not be found.
Traceback (most recent call last):
  File "C:\Users\asus\AppData\Local\Programs\Python\Python311\Lib\site-packages\diffusers\utils\import_utils.py", line 953, in _get_module
    return importlib.import_module("." + module_name, self.__name__)
           ^^^^^^^^^^^^^^^^^^^^^^^^^^^^^^^^^^^^^^^^^^^^^^^^^^^^^^^^^
  File "C:\Users\asus\AppData\Local\Programs\Python\Python311\Lib\importlib\__init__.py", line 126, in import_module
    return _bootstrap._gcd_import(name[level:], package, level)
           ^^^^^^^^^^^^^^^^^^^^^^^^^^^^^^^^^^^^^^^^^^^^^^^^^^^^
  File "<frozen importlib._bootstrap>", line 1204, in _gcd_import
  File "<frozen importlib._bootstrap>", line 1176, in _find_and_load
  File "<frozen importlib._bootstrap>", line 1147, in _find_and_load_unlocked
  File "<frozen importlib._bootstrap>", line 690, in _load_unlocked
  File "<frozen importlib._bootstrap_external>", line 940, in exec_module
  File "<frozen importlib._bootstrap>", line 241, in _call_with_frames_removed
  File "C:\Users\asus\AppData\Local\Programs\Python\Python311\Lib\site-packages\diffusers\loaders\ip_adapter.py", line 40, in <module>
    from ..models.attention_processor import (
  File "C:\Users\asus\AppData\Local\Programs\Python\Python311\Lib\site-packages\diffusers\models\attention_processor.py", line 35, in <module>
    import xformers.ops
  File "C:\Users\asus\AppData\Local\Programs\Python\Python311\Lib\site-packages\xformers\ops\__init__.py", line 9, in <module>
    from .fmha import (
  File "C:\Users\asus\AppData\Local\Programs\Python\Python311\Lib\site-packages\xformers\ops\fmha\__init__.py", line 10, in <module>
    from . import (
  File "C:\Users\asus\AppData\Local\Programs\Python\Python311\Lib\site-packages\xformers\ops\fmha\flash3.py", line 110, in <module>
    from ...flash_attn_3 import _C  # type: ignore[attr-defined]  # noqa: F401
    ^^^^^^^^^^^^^^^^^^^^^^^^^^^^^^
ImportError: DLL load failed while importing _C: The specified procedure could not be found.

The above exception was the direct cause of the following exception:

Traceback (most recent call last):
  File "C:\Users\asus\AppData\Local\Programs\Python\Python311\Lib\site-packages\diffusers\utils\import_utils.py", line 953, in _get_module
    return importlib.import_module("." + module_name, self.__name__)
           ^^^^^^^^^^^^^^^^^^^^^^^^^^^^^^^^^^^^^^^^^^^^^^^^^^^^^^^^^
  File "C:\Users\asus\AppData\Local\Programs\Python\Python311\Lib\importlib\__init__.py", line 126, in import_module
    return _bootstrap._gcd_import(name[level:], package, level)
           ^^^^^^^^^^^^^^^^^^^^^^^^^^^^^^^^^^^^^^^^^^^^^^^^^^^^
  File "<frozen importlib._bootstrap>", line 1204, in _gcd_import
  File "<frozen importlib._bootstrap>", line 1176, in _find_and_load
  File "<frozen importlib._bootstrap>", line 1147, in _find_and_load_unlocked
  File "<frozen importlib._bootstrap>", line 690, in _load_unlocked
  File "<frozen importlib._bootstrap_external>", line 940, in exec_module
  File "<frozen importlib._bootstrap>", line 241, in _call_with_frames_removed
  File "C:\Users\asus\AppData\Local\Programs\Python\Python311\Lib\site-packages\diffusers\pipelines\controlnet\pipeline_controlnet_sd_xl_img2img.py", line 35, in <module>
    from ...loaders import (
  File "<frozen importlib._bootstrap>", line 1229, in _handle_fromlist
  File "C:\Users\asus\AppData\Local\Programs\Python\Python311\Lib\site-packages\diffusers\utils\import_utils.py", line 943, in __getattr__
    module = self._get_module(self._class_to_module[name])
             ^^^^^^^^^^^^^^^^^^^^^^^^^^^^^^^^^^^^^^^^^^^^^
  File "C:\Users\asus\AppData\Local\Programs\Python\Python311\Lib\site-packages\diffusers\utils\import_utils.py", line 955, in _get_module
    raise RuntimeError(
RuntimeError: Failed to import diffusers.loaders.ip_adapter because of the following error (look up to see its traceback):
DLL load failed while importing _C: The specified procedure could not be found.

The above exception was the direct cause of the following exception:

Traceback (most recent call last):
  File "E:\SEM 3\EL\Glimpse3D\backend\app\services\diffusion_service.py", line 121, in enhance_views
    await self.initialize()
  File "E:\SEM 3\EL\Glimpse3D\backend\app\services\diffusion_service.py", line 39, in initialize
    self.enhance_service.load()
  File "E:\SEM 3\EL\Glimpse3D\ai_modules\diffusion\enhance_service.py", line 182, in load
    self.pipeline.load()
  File "E:\SEM 3\EL\Glimpse3D\ai_modules\diffusion\sdxl_lightning.py", line 152, in load
    from diffusers import (
  File "<frozen importlib._bootstrap>", line 1229, in _handle_fromlist
  File "C:\Users\asus\AppData\Local\Programs\Python\Python311\Lib\site-packages\diffusers\utils\import_utils.py", line 944, in __getattr__
    value = getattr(module, name)
            ^^^^^^^^^^^^^^^^^^^^^
  File "C:\Users\asus\AppData\Local\Programs\Python\Python311\Lib\site-packages\diffusers\utils\import_utils.py", line 944, in __getattr__
    value = getattr(module, name)
            ^^^^^^^^^^^^^^^^^^^^^
  File "C:\Users\asus\AppData\Local\Programs\Python\Python311\Lib\site-packages\diffusers\utils\import_utils.py", line 943, in __getattr__
    module = self._get_module(self._class_to_module[name])
             ^^^^^^^^^^^^^^^^^^^^^^^^^^^^^^^^^^^^^^^^^^^^^
  File "C:\Users\asus\AppData\Local\Programs\Python\Python311\Lib\site-packages\diffusers\utils\import_utils.py", line 955, in _get_module
    raise RuntimeError(
RuntimeError: Failed to import diffusers.pipelines.controlnet.pipeline_controlnet_sd_xl_img2img because of the following error (look up to see its traceback):
Failed to import diffusers.loaders.ip_adapter because of the following error (look up to see its traceback):
DLL load failed while importing _C: The specified procedure could not be found.
2026-01-17 14:57:20,848 - app.services.pipeline_manager - WARNING - _run_diffusion_enhancement:247 - Diffusion enhancement failed: Batch enhancement failed: Failed to import diffusers.pipelines.controlnet.pipeline_controlnet_sd_xl_img2img because of the following error (look up to see its traceback):
Failed to import diffusers.loaders.ip_adapter because of the following error (look up to see its traceback):
DLL load failed while importing _C: The specified procedure could not be found.
2026-01-17 14:57:20,850 - app.services.gsplat_service - INFO - optimize_splats:214 - Running optimization: python E:\SEM 3\EL\Glimpse3D\ai_modules\gsplat\train.py E:\SEM 3\EL\Glimpse3D\assets\uploads\-6576181226035178052_chair.jpg --out E:\SEM 3\EL\Glimpse3D\assets\outputs\gen_973503 --ply_path E:\SEM 3\EL\Glimpse3D\assets\outputs\gen_973503\reconstructed.ply --iter 100
2026-01-17 14:57:45,619 - app.services.gsplat_service - INFO - optimize_splats:229 - Optimization successful: E:\SEM 3\EL\Glimpse3D\assets\outputs\gen_973503\reconstructed.ply
2026-01-17 14:57:45,622 - app.routes.generate - INFO - run_generation_task:133 - Generation task gen_973503 completed successfully
2026-01-17 16:08:34,200 - app.routes.generate - INFO - run_generation_task:112 - Starting generation task gen_973503 for E:\SEM 3\EL\Glimpse3D\assets\uploads\-6576181226035178052_chair.jpg
2026-01-17 16:08:34,216 - app.services.gsplat_service - INFO - reconstruct_3d:63 - Running reconstruction: python E:\SEM 3\EL\Glimpse3D\ai_modules\gsplat\reconstruct.py E:\SEM 3\EL\Glimpse3D\assets\uploads\-6576181226035178052_chair.jpg --output E:\SEM 3\EL\Glimpse3D\assets\outputs\gen_973503\reconstructed.ply
2026-01-17 16:09:38,395 - app.services.gsplat_service - INFO - reconstruct_3d:76 - Reconstruction successful: E:\SEM 3\EL\Glimpse3D\assets\outputs\gen_973503\reconstructed.ply
2026-01-17 16:09:38,515 - app.services.pipeline_manager - WARNING - _run_multi_view_generation:217 - SyncDreamerService not available, using single view only
2026-01-17 16:09:38,670 - app.services.diffusion_service - ERROR - initialize:46 - Failed to initialize diffusion service: Failed to import diffusers.pipelines.controlnet.pipeline_controlnet_sd_xl_img2img because of the following error (look up to see its traceback):
Failed to import diffusers.loaders.ip_adapter because of the following error (look up to see its traceback):
DLL load failed while importing _C: The specified procedure could not be found.
2026-01-17 16:09:38,670 - app.services.diffusion_service - ERROR - enhance_views:160 - Batch enhancement failed: Failed to import diffusers.pipelines.controlnet.pipeline_controlnet_sd_xl_img2img because of the following error (look up to see its traceback):
Failed to import diffusers.loaders.ip_adapter because of the following error (look up to see its traceback):
DLL load failed while importing _C: The specified procedure could not be found.
Traceback (most recent call last):
  File "C:\Users\asus\AppData\Local\Programs\Python\Python311\Lib\site-packages\diffusers\utils\import_utils.py", line 953, in _get_module
    return importlib.import_module("." + module_name, self.__name__)
           ^^^^^^^^^^^^^^^^^^^^^^^^^^^^^^^^^^^^^^^^^^^^^^^^^^^^^^^^^
  File "C:\Users\asus\AppData\Local\Programs\Python\Python311\Lib\importlib\__init__.py", line 126, in import_module
    return _bootstrap._gcd_import(name[level:], package, level)
           ^^^^^^^^^^^^^^^^^^^^^^^^^^^^^^^^^^^^^^^^^^^^^^^^^^^^
  File "<frozen importlib._bootstrap>", line 1204, in _gcd_import
  File "<frozen importlib._bootstrap>", line 1176, in _find_and_load
  File "<frozen importlib._bootstrap>", line 1147, in _find_and_load_unlocked
  File "<frozen importlib._bootstrap>", line 690, in _load_unlocked
  File "<frozen importlib._bootstrap_external>", line 940, in exec_module
  File "<frozen importlib._bootstrap>", line 241, in _call_with_frames_removed
  File "C:\Users\asus\AppData\Local\Programs\Python\Python311\Lib\site-packages\diffusers\loaders\ip_adapter.py", line 40, in <module>
    from ..models.attention_processor import (
  File "C:\Users\asus\AppData\Local\Programs\Python\Python311\Lib\site-packages\diffusers\models\attention_processor.py", line 35, in <module>
    import xformers.ops
  File "C:\Users\asus\AppData\Local\Programs\Python\Python311\Lib\site-packages\xformers\ops\__init__.py", line 9, in <module>
    from .fmha import (
  File "C:\Users\asus\AppData\Local\Programs\Python\Python311\Lib\site-packages\xformers\ops\fmha\__init__.py", line 10, in <module>
    from . import (
  File "C:\Users\asus\AppData\Local\Programs\Python\Python311\Lib\site-packages\xformers\ops\fmha\flash3.py", line 110, in <module>
    from ...flash_attn_3 import _C  # type: ignore[attr-defined]  # noqa: F401
    ^^^^^^^^^^^^^^^^^^^^^^^^^^^^^^
ImportError: DLL load failed while importing _C: The specified procedure could not be found.

The above exception was the direct cause of the following exception:

Traceback (most recent call last):
  File "C:\Users\asus\AppData\Local\Programs\Python\Python311\Lib\site-packages\diffusers\utils\import_utils.py", line 953, in _get_module
    return importlib.import_module("." + module_name, self.__name__)
           ^^^^^^^^^^^^^^^^^^^^^^^^^^^^^^^^^^^^^^^^^^^^^^^^^^^^^^^^^
  File "C:\Users\asus\AppData\Local\Programs\Python\Python311\Lib\importlib\__init__.py", line 126, in import_module
    return _bootstrap._gcd_import(name[level:], package, level)
           ^^^^^^^^^^^^^^^^^^^^^^^^^^^^^^^^^^^^^^^^^^^^^^^^^^^^
  File "<frozen importlib._bootstrap>", line 1204, in _gcd_import
  File "<frozen importlib._bootstrap>", line 1176, in _find_and_load
  File "<frozen importlib._bootstrap>", line 1147, in _find_and_load_unlocked
  File "<frozen importlib._bootstrap>", line 690, in _load_unlocked
  File "<frozen importlib._bootstrap_external>", line 940, in exec_module
  File "<frozen importlib._bootstrap>", line 241, in _call_with_frames_removed
  File "C:\Users\asus\AppData\Local\Programs\Python\Python311\Lib\site-packages\diffusers\pipelines\controlnet\pipeline_controlnet_sd_xl_img2img.py", line 35, in <module>
    from ...loaders import (
  File "<frozen importlib._bootstrap>", line 1229, in _handle_fromlist
  File "C:\Users\asus\AppData\Local\Programs\Python\Python311\Lib\site-packages\diffusers\utils\import_utils.py", line 943, in __getattr__
    module = self._get_module(self._class_to_module[name])
             ^^^^^^^^^^^^^^^^^^^^^^^^^^^^^^^^^^^^^^^^^^^^^
  File "C:\Users\asus\AppData\Local\Programs\Python\Python311\Lib\site-packages\diffusers\utils\import_utils.py", line 955, in _get_module
    raise RuntimeError(
RuntimeError: Failed to import diffusers.loaders.ip_adapter because of the following error (look up to see its traceback):
DLL load failed while importing _C: The specified procedure could not be found.

The above exception was the direct cause of the following exception:

Traceback (most recent call last):
  File "E:\SEM 3\EL\Glimpse3D\backend\app\services\diffusion_service.py", line 121, in enhance_views
    await self.initialize()
  File "E:\SEM 3\EL\Glimpse3D\backend\app\services\diffusion_service.py", line 39, in initialize
    self.enhance_service.load()
  File "E:\SEM 3\EL\Glimpse3D\ai_modules\diffusion\enhance_service.py", line 182, in load
    self.pipeline.load()
  File "E:\SEM 3\EL\Glimpse3D\ai_modules\diffusion\sdxl_lightning.py", line 152, in load
    from diffusers import (
  File "<frozen importlib._bootstrap>", line 1229, in _handle_fromlist
  File "C:\Users\asus\AppData\Local\Programs\Python\Python311\Lib\site-packages\diffusers\utils\import_utils.py", line 944, in __getattr__
    value = getattr(module, name)
            ^^^^^^^^^^^^^^^^^^^^^
  File "C:\Users\asus\AppData\Local\Programs\Python\Python311\Lib\site-packages\diffusers\utils\import_utils.py", line 944, in __getattr__
    value = getattr(module, name)
            ^^^^^^^^^^^^^^^^^^^^^
  File "C:\Users\asus\AppData\Local\Programs\Python\Python311\Lib\site-packages\diffusers\utils\import_utils.py", line 943, in __getattr__
    module = self._get_module(self._class_to_module[name])
             ^^^^^^^^^^^^^^^^^^^^^^^^^^^^^^^^^^^^^^^^^^^^^
  File "C:\Users\asus\AppData\Local\Programs\Python\Python311\Lib\site-packages\diffusers\utils\import_utils.py", line 955, in _get_module
    raise RuntimeError(
RuntimeError: Failed to import diffusers.pipelines.controlnet.pipeline_controlnet_sd_xl_img2img because of the following error (look up to see its traceback):
Failed to import diffusers.loaders.ip_adapter because of the following error (look up to see its traceback):
DLL load failed while importing _C: The specified procedure could not be found.
2026-01-17 16:09:38,683 - app.services.pipeline_manager - WARNING - _run_diffusion_enhancement:247 - Diffusion enhancement failed: Batch enhancement failed: Failed to import diffusers.pipelines.controlnet.pipeline_controlnet_sd_xl_img2img because of the following error (look up to see its traceback):
Failed to import diffusers.loaders.ip_adapter because of the following error (look up to see its traceback):
DLL load failed while importing _C: The specified procedure could not be found.
2026-01-17 16:09:38,683 - app.services.gsplat_service - INFO - optimize_splats:214 - Running optimization: python E:\SEM 3\EL\Glimpse3D\ai_modules\gsplat\train.py E:\SEM 3\EL\Glimpse3D\assets\uploads\-6576181226035178052_chair.jpg --out E:\SEM 3\EL\Glimpse3D\assets\outputs\gen_973503 --ply_path E:\SEM 3\EL\Glimpse3D\assets\outputs\gen_973503\reconstructed.ply --iter 100
2026-01-17 16:10:00,398 - app.services.gsplat_service - INFO - optimize_splats:229 - Optimization successful: E:\SEM 3\EL\Glimpse3D\assets\outputs\gen_973503\reconstructed.ply
2026-01-17 16:10:00,398 - app.routes.generate - INFO - run_generation_task:133 - Generation task gen_973503 completed successfully
2026-01-17 16:46:58,237 - app.routes.generate - INFO - run_generation_task:112 - Starting generation task gen_973503 for E:\SEM 3\EL\Glimpse3D\assets\uploads\-6576181226035178052_chair.jpg
2026-01-17 16:46:58,248 - app.services.gsplat_service - INFO - reconstruct_3d:63 - Running reconstruction: python E:\SEM 3\EL\Glimpse3D\ai_modules\gsplat\reconstruct.py E:\SEM 3\EL\Glimpse3D\assets\uploads\-6576181226035178052_chair.jpg --output E:\SEM 3\EL\Glimpse3D\assets\outputs\gen_973503\reconstructed.ply
2026-01-17 16:48:12,470 - app.services.gsplat_service - INFO - reconstruct_3d:76 - Reconstruction successful: E:\SEM 3\EL\Glimpse3D\assets\outputs\gen_973503\reconstructed.ply
2026-01-17 16:48:12,562 - app.services.pipeline_manager - WARNING - _run_multi_view_generation:217 - SyncDreamerService not available, using single view only
2026-01-17 16:48:12,660 - app.services.diffusion_service - ERROR - initialize:46 - Failed to initialize diffusion service: Failed to import diffusers.pipelines.controlnet.pipeline_controlnet_sd_xl_img2img because of the following error (look up to see its traceback):
Failed to import diffusers.loaders.ip_adapter because of the following error (look up to see its traceback):
DLL load failed while importing _C: The specified procedure could not be found.
2026-01-17 16:48:12,660 - app.services.diffusion_service - ERROR - enhance_views:160 - Batch enhancement failed: Failed to import diffusers.pipelines.controlnet.pipeline_controlnet_sd_xl_img2img because of the following error (look up to see its traceback):
Failed to import diffusers.loaders.ip_adapter because of the following error (look up to see its traceback):
DLL load failed while importing _C: The specified procedure could not be found.
Traceback (most recent call last):
  File "C:\Users\asus\AppData\Local\Programs\Python\Python311\Lib\site-packages\diffusers\utils\import_utils.py", line 953, in _get_module
    return importlib.import_module("." + module_name, self.__name__)
           ^^^^^^^^^^^^^^^^^^^^^^^^^^^^^^^^^^^^^^^^^^^^^^^^^^^^^^^^^
  File "C:\Users\asus\AppData\Local\Programs\Python\Python311\Lib\importlib\__init__.py", line 126, in import_module
    return _bootstrap._gcd_import(name[level:], package, level)
           ^^^^^^^^^^^^^^^^^^^^^^^^^^^^^^^^^^^^^^^^^^^^^^^^^^^^
  File "<frozen importlib._bootstrap>", line 1204, in _gcd_import
  File "<frozen importlib._bootstrap>", line 1176, in _find_and_load
  File "<frozen importlib._bootstrap>", line 1147, in _find_and_load_unlocked
  File "<frozen importlib._bootstrap>", line 690, in _load_unlocked
  File "<frozen importlib._bootstrap_external>", line 940, in exec_module
  File "<frozen importlib._bootstrap>", line 241, in _call_with_frames_removed
  File "C:\Users\asus\AppData\Local\Programs\Python\Python311\Lib\site-packages\diffusers\loaders\ip_adapter.py", line 40, in <module>
    from ..models.attention_processor import (
  File "C:\Users\asus\AppData\Local\Programs\Python\Python311\Lib\site-packages\diffusers\models\attention_processor.py", line 35, in <module>
    import xformers.ops
  File "C:\Users\asus\AppData\Local\Programs\Python\Python311\Lib\site-packages\xformers\ops\__init__.py", line 9, in <module>
    from .fmha import (
  File "C:\Users\asus\AppData\Local\Programs\Python\Python311\Lib\site-packages\xformers\ops\fmha\__init__.py", line 10, in <module>
    from . import (
  File "C:\Users\asus\AppData\Local\Programs\Python\Python311\Lib\site-packages\xformers\ops\fmha\flash3.py", line 110, in <module>
    from ...flash_attn_3 import _C  # type: ignore[attr-defined]  # noqa: F401
    ^^^^^^^^^^^^^^^^^^^^^^^^^^^^^^
ImportError: DLL load failed while importing _C: The specified procedure could not be found.

The above exception was the direct cause of the following exception:

Traceback (most recent call last):
  File "C:\Users\asus\AppData\Local\Programs\Python\Python311\Lib\site-packages\diffusers\utils\import_utils.py", line 953, in _get_module
    return importlib.import_module("." + module_name, self.__name__)
           ^^^^^^^^^^^^^^^^^^^^^^^^^^^^^^^^^^^^^^^^^^^^^^^^^^^^^^^^^
  File "C:\Users\asus\AppData\Local\Programs\Python\Python311\Lib\importlib\__init__.py", line 126, in import_module
    return _bootstrap._gcd_import(name[level:], package, level)
           ^^^^^^^^^^^^^^^^^^^^^^^^^^^^^^^^^^^^^^^^^^^^^^^^^^^^
  File "<frozen importlib._bootstrap>", line 1204, in _gcd_import
  File "<frozen importlib._bootstrap>", line 1176, in _find_and_load
  File "<frozen importlib._bootstrap>", line 1147, in _find_and_load_unlocked
  File "<frozen importlib._bootstrap>", line 690, in _load_unlocked
  File "<frozen importlib._bootstrap_external>", line 940, in exec_module
  File "<frozen importlib._bootstrap>", line 241, in _call_with_frames_removed
  File "C:\Users\asus\AppData\Local\Programs\Python\Python311\Lib\site-packages\diffusers\pipelines\controlnet\pipeline_controlnet_sd_xl_img2img.py", line 35, in <module>
    from ...loaders import (
  File "<frozen importlib._bootstrap>", line 1229, in _handle_fromlist
  File "C:\Users\asus\AppData\Local\Programs\Python\Python311\Lib\site-packages\diffusers\utils\import_utils.py", line 943, in __getattr__
    module = self._get_module(self._class_to_module[name])
             ^^^^^^^^^^^^^^^^^^^^^^^^^^^^^^^^^^^^^^^^^^^^^
  File "C:\Users\asus\AppData\Local\Programs\Python\Python311\Lib\site-packages\diffusers\utils\import_utils.py", line 955, in _get_module
    raise RuntimeError(
RuntimeError: Failed to import diffusers.loaders.ip_adapter because of the following error (look up to see its traceback):
DLL load failed while importing _C: The specified procedure could not be found.

The above exception was the direct cause of the following exception:

Traceback (most recent call last):
  File "E:\SEM 3\EL\Glimpse3D\backend\app\services\diffusion_service.py", line 121, in enhance_views
    await self.initialize()
  File "E:\SEM 3\EL\Glimpse3D\backend\app\services\diffusion_service.py", line 39, in initialize
    self.enhance_service.load()
  File "E:\SEM 3\EL\Glimpse3D\ai_modules\diffusion\enhance_service.py", line 182, in load
    self.pipeline.load()
  File "E:\SEM 3\EL\Glimpse3D\ai_modules\diffusion\sdxl_lightning.py", line 152, in load
    from diffusers import (
  File "<frozen importlib._bootstrap>", line 1229, in _handle_fromlist
  File "C:\Users\asus\AppData\Local\Programs\Python\Python311\Lib\site-packages\diffusers\utils\import_utils.py", line 944, in __getattr__
    value = getattr(module, name)
            ^^^^^^^^^^^^^^^^^^^^^
  File "C:\Users\asus\AppData\Local\Programs\Python\Python311\Lib\site-packages\diffusers\utils\import_utils.py", line 944, in __getattr__
    value = getattr(module, name)
            ^^^^^^^^^^^^^^^^^^^^^
  File "C:\Users\asus\AppData\Local\Programs\Python\Python311\Lib\site-packages\diffusers\utils\import_utils.py", line 943, in __getattr__
    module = self._get_module(self._class_to_module[name])
             ^^^^^^^^^^^^^^^^^^^^^^^^^^^^^^^^^^^^^^^^^^^^^
  File "C:\Users\asus\AppData\Local\Programs\Python\Python311\Lib\site-packages\diffusers\utils\import_utils.py", line 955, in _get_module
    raise RuntimeError(
RuntimeError: Failed to import diffusers.pipelines.controlnet.pipeline_controlnet_sd_xl_img2img because of the following error (look up to see its traceback):
Failed to import diffusers.loaders.ip_adapter because of the following error (look up to see its traceback):
DLL load failed while importing _C: The specified procedure could not be found.
2026-01-17 16:48:12,675 - app.services.pipeline_manager - WARNING - _run_diffusion_enhancement:247 - Diffusion enhancement failed: Batch enhancement failed: Failed to import diffusers.pipelines.controlnet.pipeline_controlnet_sd_xl_img2img because of the following error (look up to see its traceback):
Failed to import diffusers.loaders.ip_adapter because of the following error (look up to see its traceback):
DLL load failed while importing _C: The specified procedure could not be found.
2026-01-17 16:48:12,677 - app.services.gsplat_service - INFO - optimize_splats:214 - Running optimization: python E:\SEM 3\EL\Glimpse3D\ai_modules\gsplat\train.py E:\SEM 3\EL\Glimpse3D\assets\uploads\-6576181226035178052_chair.jpg --out E:\SEM 3\EL\Glimpse3D\assets\outputs\gen_973503 --ply_path E:\SEM 3\EL\Glimpse3D\assets\outputs\gen_973503\reconstructed.ply --iter 100
2026-01-17 16:48:31,371 - app.services.gsplat_service - ERROR - optimize_splats:242 - Optimization failed: Traceback (most recent call last):
  File "E:\SEM 3\EL\Glimpse3D\ai_modules\gsplat\train.py", line 156, in <module>
    main()
  File "E:\SEM 3\EL\Glimpse3D\ai_modules\gsplat\train.py", line 153, in main
    train_pipeline(args.image, args.out, args.iter, args.ply_path)
  File "E:\SEM 3\EL\Glimpse3D\ai_modules\gsplat\train.py", line 68, in train_pipeline
    gs_model = load_ply(initial_ply_path)
               ^^^^^^^^^^^^^^^^^^^^^^^^^^
  File "E:\SEM 3\EL\Glimpse3D\ai_modules\gsplat\utils_gs.py", line 131, in load_ply
    model._opacity = torch.tensor(opacities, dtype=torch.float32)
                     ^^^^^^^^^^^^^^^^^^^^^^^^^^^^^^^^^^^^^^^^^^^^
ValueError: given numpy array strides not a multiple of the element byte size. Copy the numpy array to reallocate the memory.

2026-01-17 16:48:31,391 - app.services.pipeline_manager - WARNING - _run_refinement:274 - Refinement failed: Optimization failed: Traceback (most recent call last):
  File "E:\SEM 3\EL\Glimpse3D\ai_modules\gsplat\train.py", line 156, in <module>
    main()
  File "E:\SEM 3\EL\Glimpse3D\ai_modules\gsplat\train.py", line 153, in main
    train_pipeline(args.image, args.out, args.iter, args.ply_path)
  File "E:\SEM 3\EL\Glimpse3D\ai_modules\gsplat\train.py", line 68, in train_pipeline
    gs_model = load_ply(initial_ply_path)
               ^^^^^^^^^^^^^^^^^^^^^^^^^^
  File "E:\SEM 3\EL\Glimpse3D\ai_modules\gsplat\utils_gs.py", line 131, in load_ply
    model._opacity = torch.tensor(opacities, dtype=torch.float32)
                     ^^^^^^^^^^^^^^^^^^^^^^^^^^^^^^^^^^^^^^^^^^^^
ValueError: given numpy array strides not a multiple of the element byte size. Copy the numpy array to reallocate the memory.
, using coarse model
2026-01-17 16:48:31,393 - app.routes.generate - INFO - run_generation_task:133 - Generation task gen_973503 completed successfully
2026-01-17 16:53:55,972 - app.routes.generate - INFO - run_generation_task:112 - Starting generation task gen_157543 for E:\SEM 3\EL\Glimpse3D\assets\uploads\-4784636072476377073_test_image.png
2026-01-17 16:53:55,974 - app.services.gsplat_service - INFO - reconstruct_3d:63 - Running reconstruction: python E:\SEM 3\EL\Glimpse3D\ai_modules\gsplat\reconstruct.py E:\SEM 3\EL\Glimpse3D\assets\uploads\-4784636072476377073_test_image.png --output E:\SEM 3\EL\Glimpse3D\assets\outputs\gen_157543\reconstructed.ply
2026-01-17 16:54:41,073 - app.services.gsplat_service - INFO - reconstruct_3d:76 - Reconstruction successful: E:\SEM 3\EL\Glimpse3D\assets\outputs\gen_157543\reconstructed.ply
2026-01-17 16:54:41,098 - app.services.pipeline_manager - WARNING - _run_multi_view_generation:217 - SyncDreamerService not available, using single view only
2026-01-17 16:54:41,141 - app.services.diffusion_service - ERROR - initialize:46 - Failed to initialize diffusion service: Failed to import diffusers.pipelines.controlnet.pipeline_controlnet_sd_xl_img2img because of the following error (look up to see its traceback):
Failed to import diffusers.loaders.ip_adapter because of the following error (look up to see its traceback):
DLL load failed while importing _C: The specified procedure could not be found.
2026-01-17 16:54:41,143 - app.services.diffusion_service - ERROR - enhance_views:160 - Batch enhancement failed: Failed to import diffusers.pipelines.controlnet.pipeline_controlnet_sd_xl_img2img because of the following error (look up to see its traceback):
Failed to import diffusers.loaders.ip_adapter because of the following error (look up to see its traceback):
DLL load failed while importing _C: The specified procedure could not be found.
Traceback (most recent call last):
  File "C:\Users\asus\AppData\Local\Programs\Python\Python311\Lib\site-packages\diffusers\utils\import_utils.py", line 953, in _get_module
    return importlib.import_module("." + module_name, self.__name__)
           ^^^^^^^^^^^^^^^^^^^^^^^^^^^^^^^^^^^^^^^^^^^^^^^^^^^^^^^^^
  File "C:\Users\asus\AppData\Local\Programs\Python\Python311\Lib\importlib\__init__.py", line 126, in import_module
    return _bootstrap._gcd_import(name[level:], package, level)
           ^^^^^^^^^^^^^^^^^^^^^^^^^^^^^^^^^^^^^^^^^^^^^^^^^^^^
  File "<frozen importlib._bootstrap>", line 1204, in _gcd_import
  File "<frozen importlib._bootstrap>", line 1176, in _find_and_load
  File "<frozen importlib._bootstrap>", line 1147, in _find_and_load_unlocked
  File "<frozen importlib._bootstrap>", line 690, in _load_unlocked
  File "<frozen importlib._bootstrap_external>", line 940, in exec_module
  File "<frozen importlib._bootstrap>", line 241, in _call_with_frames_removed
  File "C:\Users\asus\AppData\Local\Programs\Python\Python311\Lib\site-packages\diffusers\loaders\ip_adapter.py", line 40, in <module>
    from ..models.attention_processor import (
  File "C:\Users\asus\AppData\Local\Programs\Python\Python311\Lib\site-packages\diffusers\models\attention_processor.py", line 35, in <module>
    import xformers.ops
  File "C:\Users\asus\AppData\Local\Programs\Python\Python311\Lib\site-packages\xformers\ops\__init__.py", line 9, in <module>
    from .fmha import (
  File "C:\Users\asus\AppData\Local\Programs\Python\Python311\Lib\site-packages\xformers\ops\fmha\__init__.py", line 10, in <module>
    from . import (
  File "C:\Users\asus\AppData\Local\Programs\Python\Python311\Lib\site-packages\xformers\ops\fmha\flash3.py", line 110, in <module>
    from ...flash_attn_3 import _C  # type: ignore[attr-defined]  # noqa: F401
    ^^^^^^^^^^^^^^^^^^^^^^^^^^^^^^
ImportError: DLL load failed while importing _C: The specified procedure could not be found.

The above exception was the direct cause of the following exception:

Traceback (most recent call last):
  File "C:\Users\asus\AppData\Local\Programs\Python\Python311\Lib\site-packages\diffusers\utils\import_utils.py", line 953, in _get_module
    return importlib.import_module("." + module_name, self.__name__)
           ^^^^^^^^^^^^^^^^^^^^^^^^^^^^^^^^^^^^^^^^^^^^^^^^^^^^^^^^^
  File "C:\Users\asus\AppData\Local\Programs\Python\Python311\Lib\importlib\__init__.py", line 126, in import_module
    return _bootstrap._gcd_import(name[level:], package, level)
           ^^^^^^^^^^^^^^^^^^^^^^^^^^^^^^^^^^^^^^^^^^^^^^^^^^^^
  File "<frozen importlib._bootstrap>", line 1204, in _gcd_import
  File "<frozen importlib._bootstrap>", line 1176, in _find_and_load
  File "<frozen importlib._bootstrap>", line 1147, in _find_and_load_unlocked
  File "<frozen importlib._bootstrap>", line 690, in _load_unlocked
  File "<frozen importlib._bootstrap_external>", line 940, in exec_module
  File "<frozen importlib._bootstrap>", line 241, in _call_with_frames_removed
  File "C:\Users\asus\AppData\Local\Programs\Python\Python311\Lib\site-packages\diffusers\pipelines\controlnet\pipeline_controlnet_sd_xl_img2img.py", line 35, in <module>
    from ...loaders import (
  File "<frozen importlib._bootstrap>", line 1229, in _handle_fromlist
  File "C:\Users\asus\AppData\Local\Programs\Python\Python311\Lib\site-packages\diffusers\utils\import_utils.py", line 943, in __getattr__
    module = self._get_module(self._class_to_module[name])
             ^^^^^^^^^^^^^^^^^^^^^^^^^^^^^^^^^^^^^^^^^^^^^
  File "C:\Users\asus\AppData\Local\Programs\Python\Python311\Lib\site-packages\diffusers\utils\import_utils.py", line 955, in _get_module
    raise RuntimeError(
RuntimeError: Failed to import diffusers.loaders.ip_adapter because of the following error (look up to see its traceback):
DLL load failed while importing _C: The specified procedure could not be found.

The above exception was the direct cause of the following exception:

Traceback (most recent call last):
  File "E:\SEM 3\EL\Glimpse3D\backend\app\services\diffusion_service.py", line 121, in enhance_views
    await self.initialize()
  File "E:\SEM 3\EL\Glimpse3D\backend\app\services\diffusion_service.py", line 39, in initialize
    self.enhance_service.load()
  File "E:\SEM 3\EL\Glimpse3D\ai_modules\diffusion\enhance_service.py", line 182, in load
    self.pipeline.load()
  File "E:\SEM 3\EL\Glimpse3D\ai_modules\diffusion\sdxl_lightning.py", line 152, in load
    from diffusers import (
  File "<frozen importlib._bootstrap>", line 1229, in _handle_fromlist
  File "C:\Users\asus\AppData\Local\Programs\Python\Python311\Lib\site-packages\diffusers\utils\import_utils.py", line 944, in __getattr__
    value = getattr(module, name)
            ^^^^^^^^^^^^^^^^^^^^^
  File "C:\Users\asus\AppData\Local\Programs\Python\Python311\Lib\site-packages\diffusers\utils\import_utils.py", line 944, in __getattr__
    value = getattr(module, name)
            ^^^^^^^^^^^^^^^^^^^^^
  File "C:\Users\asus\AppData\Local\Programs\Python\Python311\Lib\site-packages\diffusers\utils\import_utils.py", line 943, in __getattr__
    module = self._get_module(self._class_to_module[name])
             ^^^^^^^^^^^^^^^^^^^^^^^^^^^^^^^^^^^^^^^^^^^^^
  File "C:\Users\asus\AppData\Local\Programs\Python\Python311\Lib\site-packages\diffusers\utils\import_utils.py", line 955, in _get_module
    raise RuntimeError(
RuntimeError: Failed to import diffusers.pipelines.controlnet.pipeline_controlnet_sd_xl_img2img because of the following error (look up to see its traceback):
Failed to import diffusers.loaders.ip_adapter because of the following error (look up to see its traceback):
DLL load failed while importing _C: The specified procedure could not be found.
2026-01-17 16:54:41,149 - app.services.pipeline_manager - WARNING - _run_diffusion_enhancement:247 - Diffusion enhancement failed: Batch enhancement failed: Failed to import diffusers.pipelines.controlnet.pipeline_controlnet_sd_xl_img2img because of the following error (look up to see its traceback):
Failed to import diffusers.loaders.ip_adapter because of the following error (look up to see its traceback):
DLL load failed while importing _C: The specified procedure could not be found.
2026-01-17 16:54:41,149 - app.services.gsplat_service - INFO - optimize_splats:214 - Running optimization: python E:\SEM 3\EL\Glimpse3D\ai_modules\gsplat\train.py E:\SEM 3\EL\Glimpse3D\assets\uploads\-4784636072476377073_test_image.png --out E:\SEM 3\EL\Glimpse3D\assets\outputs\gen_157543 --ply_path E:\SEM 3\EL\Glimpse3D\assets\outputs\gen_157543\reconstructed.ply --iter 100
2026-01-17 16:54:53,683 - app.services.gsplat_service - ERROR - optimize_splats:242 - Optimization failed: Traceback (most recent call last):
  File "E:\SEM 3\EL\Glimpse3D\ai_modules\gsplat\train.py", line 156, in <module>
    main()
  File "E:\SEM 3\EL\Glimpse3D\ai_modules\gsplat\train.py", line 153, in main
    train_pipeline(args.image, args.out, args.iter, args.ply_path)
  File "E:\SEM 3\EL\Glimpse3D\ai_modules\gsplat\train.py", line 68, in train_pipeline
    gs_model = load_ply(initial_ply_path)
               ^^^^^^^^^^^^^^^^^^^^^^^^^^
  File "E:\SEM 3\EL\Glimpse3D\ai_modules\gsplat\utils_gs.py", line 131, in load_ply
    model._opacity = torch.tensor(opacities, dtype=torch.float32)
                     ^^^^^^^^^^^^^^^^^^^^^^^^^^^^^^^^^^^^^^^^^^^^
ValueError: given numpy array strides not a multiple of the element byte size. Copy the numpy array to reallocate the memory.

2026-01-17 16:54:53,685 - app.services.pipeline_manager - WARNING - _run_refinement:274 - Refinement failed: Optimization failed: Traceback (most recent call last):
  File "E:\SEM 3\EL\Glimpse3D\ai_modules\gsplat\train.py", line 156, in <module>
    main()
  File "E:\SEM 3\EL\Glimpse3D\ai_modules\gsplat\train.py", line 153, in main
    train_pipeline(args.image, args.out, args.iter, args.ply_path)
  File "E:\SEM 3\EL\Glimpse3D\ai_modules\gsplat\train.py", line 68, in train_pipeline
    gs_model = load_ply(initial_ply_path)
               ^^^^^^^^^^^^^^^^^^^^^^^^^^
  File "E:\SEM 3\EL\Glimpse3D\ai_modules\gsplat\utils_gs.py", line 131, in load_ply
    model._opacity = torch.tensor(opacities, dtype=torch.float32)
                     ^^^^^^^^^^^^^^^^^^^^^^^^^^^^^^^^^^^^^^^^^^^^
ValueError: given numpy array strides not a multiple of the element byte size. Copy the numpy array to reallocate the memory.
, using coarse model
2026-01-17 16:54:53,686 - app.routes.generate - INFO - run_generation_task:133 - Generation task gen_157543 completed successfully
2026-01-17 16:56:29,848 - app.routes.generate - INFO - run_generation_task:112 - Starting generation task gen_973503 for E:\SEM 3\EL\Glimpse3D\assets\uploads\-6576181226035178052_chair.jpg
2026-01-17 16:56:29,848 - app.services.gsplat_service - INFO - reconstruct_3d:63 - Running reconstruction: python E:\SEM 3\EL\Glimpse3D\ai_modules\gsplat\reconstruct.py E:\SEM 3\EL\Glimpse3D\assets\uploads\-6576181226035178052_chair.jpg --output E:\SEM 3\EL\Glimpse3D\assets\outputs\gen_973503\reconstructed.ply
2026-01-17 16:57:19,996 - app.services.gsplat_service - INFO - reconstruct_3d:76 - Reconstruction successful: E:\SEM 3\EL\Glimpse3D\assets\outputs\gen_973503\reconstructed.ply
2026-01-17 16:57:20,021 - app.services.pipeline_manager - WARNING - _run_multi_view_generation:217 - SyncDreamerService not available, using single view only
2026-01-17 16:57:20,067 - app.services.diffusion_service - ERROR - initialize:46 - Failed to initialize diffusion service: Failed to import diffusers.pipelines.controlnet.pipeline_controlnet_sd_xl_img2img because of the following error (look up to see its traceback):
Failed to import diffusers.loaders.ip_adapter because of the following error (look up to see its traceback):
DLL load failed while importing _C: The specified procedure could not be found.
2026-01-17 16:57:20,069 - app.services.diffusion_service - ERROR - enhance_views:160 - Batch enhancement failed: Failed to import diffusers.pipelines.controlnet.pipeline_controlnet_sd_xl_img2img because of the following error (look up to see its traceback):
Failed to import diffusers.loaders.ip_adapter because of the following error (look up to see its traceback):
DLL load failed while importing _C: The specified procedure could not be found.
Traceback (most recent call last):
  File "C:\Users\asus\AppData\Local\Programs\Python\Python311\Lib\site-packages\diffusers\utils\import_utils.py", line 953, in _get_module
    return importlib.import_module("." + module_name, self.__name__)
           ^^^^^^^^^^^^^^^^^^^^^^^^^^^^^^^^^^^^^^^^^^^^^^^^^^^^^^^^^
  File "C:\Users\asus\AppData\Local\Programs\Python\Python311\Lib\importlib\__init__.py", line 126, in import_module
    return _bootstrap._gcd_import(name[level:], package, level)
           ^^^^^^^^^^^^^^^^^^^^^^^^^^^^^^^^^^^^^^^^^^^^^^^^^^^^
  File "<frozen importlib._bootstrap>", line 1204, in _gcd_import
  File "<frozen importlib._bootstrap>", line 1176, in _find_and_load
  File "<frozen importlib._bootstrap>", line 1147, in _find_and_load_unlocked
  File "<frozen importlib._bootstrap>", line 690, in _load_unlocked
  File "<frozen importlib._bootstrap_external>", line 940, in exec_module
  File "<frozen importlib._bootstrap>", line 241, in _call_with_frames_removed
  File "C:\Users\asus\AppData\Local\Programs\Python\Python311\Lib\site-packages\diffusers\loaders\ip_adapter.py", line 40, in <module>
    from ..models.attention_processor import (
  File "C:\Users\asus\AppData\Local\Programs\Python\Python311\Lib\site-packages\diffusers\models\attention_processor.py", line 35, in <module>
    import xformers.ops
  File "C:\Users\asus\AppData\Local\Programs\Python\Python311\Lib\site-packages\xformers\ops\__init__.py", line 9, in <module>
    from .fmha import (
  File "C:\Users\asus\AppData\Local\Programs\Python\Python311\Lib\site-packages\xformers\ops\fmha\__init__.py", line 10, in <module>
    from . import (
  File "C:\Users\asus\AppData\Local\Programs\Python\Python311\Lib\site-packages\xformers\ops\fmha\flash3.py", line 110, in <module>
    from ...flash_attn_3 import _C  # type: ignore[attr-defined]  # noqa: F401
    ^^^^^^^^^^^^^^^^^^^^^^^^^^^^^^
ImportError: DLL load failed while importing _C: The specified procedure could not be found.

The above exception was the direct cause of the following exception:

Traceback (most recent call last):
  File "C:\Users\asus\AppData\Local\Programs\Python\Python311\Lib\site-packages\diffusers\utils\import_utils.py", line 953, in _get_module
    return importlib.import_module("." + module_name, self.__name__)
           ^^^^^^^^^^^^^^^^^^^^^^^^^^^^^^^^^^^^^^^^^^^^^^^^^^^^^^^^^
  File "C:\Users\asus\AppData\Local\Programs\Python\Python311\Lib\importlib\__init__.py", line 126, in import_module
    return _bootstrap._gcd_import(name[level:], package, level)
           ^^^^^^^^^^^^^^^^^^^^^^^^^^^^^^^^^^^^^^^^^^^^^^^^^^^^
  File "<frozen importlib._bootstrap>", line 1204, in _gcd_import
  File "<frozen importlib._bootstrap>", line 1176, in _find_and_load
  File "<frozen importlib._bootstrap>", line 1147, in _find_and_load_unlocked
  File "<frozen importlib._bootstrap>", line 690, in _load_unlocked
  File "<frozen importlib._bootstrap_external>", line 940, in exec_module
  File "<frozen importlib._bootstrap>", line 241, in _call_with_frames_removed
  File "C:\Users\asus\AppData\Local\Programs\Python\Python311\Lib\site-packages\diffusers\pipelines\controlnet\pipeline_controlnet_sd_xl_img2img.py", line 35, in <module>
    from ...loaders import (
  File "<frozen importlib._bootstrap>", line 1229, in _handle_fromlist
  File "C:\Users\asus\AppData\Local\Programs\Python\Python311\Lib\site-packages\diffusers\utils\import_utils.py", line 943, in __getattr__
    module = self._get_module(self._class_to_module[name])
             ^^^^^^^^^^^^^^^^^^^^^^^^^^^^^^^^^^^^^^^^^^^^^
  File "C:\Users\asus\AppData\Local\Programs\Python\Python311\Lib\site-packages\diffusers\utils\import_utils.py", line 955, in _get_module
    raise RuntimeError(
RuntimeError: Failed to import diffusers.loaders.ip_adapter because of the following error (look up to see its traceback):
DLL load failed while importing _C: The specified procedure could not be found.

The above exception was the direct cause of the following exception:

Traceback (most recent call last):
  File "E:\SEM 3\EL\Glimpse3D\backend\app\services\diffusion_service.py", line 121, in enhance_views
    await self.initialize()
  File "E:\SEM 3\EL\Glimpse3D\backend\app\services\diffusion_service.py", line 39, in initialize
    self.enhance_service.load()
  File "E:\SEM 3\EL\Glimpse3D\ai_modules\diffusion\enhance_service.py", line 182, in load
    self.pipeline.load()
  File "E:\SEM 3\EL\Glimpse3D\ai_modules\diffusion\sdxl_lightning.py", line 152, in load
    from diffusers import (
  File "<frozen importlib._bootstrap>", line 1229, in _handle_fromlist
  File "C:\Users\asus\AppData\Local\Programs\Python\Python311\Lib\site-packages\diffusers\utils\import_utils.py", line 944, in __getattr__
    value = getattr(module, name)
            ^^^^^^^^^^^^^^^^^^^^^
  File "C:\Users\asus\AppData\Local\Programs\Python\Python311\Lib\site-packages\diffusers\utils\import_utils.py", line 944, in __getattr__
    value = getattr(module, name)
            ^^^^^^^^^^^^^^^^^^^^^
  File "C:\Users\asus\AppData\Local\Programs\Python\Python311\Lib\site-packages\diffusers\utils\import_utils.py", line 943, in __getattr__
    module = self._get_module(self._class_to_module[name])
             ^^^^^^^^^^^^^^^^^^^^^^^^^^^^^^^^^^^^^^^^^^^^^
  File "C:\Users\asus\AppData\Local\Programs\Python\Python311\Lib\site-packages\diffusers\utils\import_utils.py", line 955, in _get_module
    raise RuntimeError(
RuntimeError: Failed to import diffusers.pipelines.controlnet.pipeline_controlnet_sd_xl_img2img because of the following error (look up to see its traceback):
Failed to import diffusers.loaders.ip_adapter because of the following error (look up to see its traceback):
DLL load failed while importing _C: The specified procedure could not be found.
2026-01-17 16:57:20,076 - app.services.pipeline_manager - WARNING - _run_diffusion_enhancement:247 - Diffusion enhancement failed: Batch enhancement failed: Failed to import diffusers.pipelines.controlnet.pipeline_controlnet_sd_xl_img2img because of the following error (look up to see its traceback):
Failed to import diffusers.loaders.ip_adapter because of the following error (look up to see its traceback):
DLL load failed while importing _C: The specified procedure could not be found.
2026-01-17 16:57:20,079 - app.services.gsplat_service - INFO - optimize_splats:214 - Running optimization: python E:\SEM 3\EL\Glimpse3D\ai_modules\gsplat\train.py E:\SEM 3\EL\Glimpse3D\assets\uploads\-6576181226035178052_chair.jpg --out E:\SEM 3\EL\Glimpse3D\assets\outputs\gen_973503 --ply_path E:\SEM 3\EL\Glimpse3D\assets\outputs\gen_973503\reconstructed.ply --iter 100
2026-01-17 16:57:33,504 - app.services.gsplat_service - ERROR - optimize_splats:242 - Optimization failed: Traceback (most recent call last):
  File "E:\SEM 3\EL\Glimpse3D\ai_modules\gsplat\train.py", line 156, in <module>
    main()
  File "E:\SEM 3\EL\Glimpse3D\ai_modules\gsplat\train.py", line 153, in main
    train_pipeline(args.image, args.out, args.iter, args.ply_path)
  File "E:\SEM 3\EL\Glimpse3D\ai_modules\gsplat\train.py", line 68, in train_pipeline
    gs_model = load_ply(initial_ply_path)
               ^^^^^^^^^^^^^^^^^^^^^^^^^^
  File "E:\SEM 3\EL\Glimpse3D\ai_modules\gsplat\utils_gs.py", line 131, in load_ply
    model._opacity = torch.tensor(opacities, dtype=torch.float32)
                     ^^^^^^^^^^^^^^^^^^^^^^^^^^^^^^^^^^^^^^^^^^^^
ValueError: given numpy array strides not a multiple of the element byte size. Copy the numpy array to reallocate the memory.

2026-01-17 16:57:33,504 - app.services.pipeline_manager - WARNING - _run_refinement:274 - Refinement failed: Optimization failed: Traceback (most recent call last):
  File "E:\SEM 3\EL\Glimpse3D\ai_modules\gsplat\train.py", line 156, in <module>
    main()
  File "E:\SEM 3\EL\Glimpse3D\ai_modules\gsplat\train.py", line 153, in main
    train_pipeline(args.image, args.out, args.iter, args.ply_path)
  File "E:\SEM 3\EL\Glimpse3D\ai_modules\gsplat\train.py", line 68, in train_pipeline
    gs_model = load_ply(initial_ply_path)
               ^^^^^^^^^^^^^^^^^^^^^^^^^^
  File "E:\SEM 3\EL\Glimpse3D\ai_modules\gsplat\utils_gs.py", line 131, in load_ply
    model._opacity = torch.tensor(opacities, dtype=torch.float32)
                     ^^^^^^^^^^^^^^^^^^^^^^^^^^^^^^^^^^^^^^^^^^^^
ValueError: given numpy array strides not a multiple of the element byte size. Copy the numpy array to reallocate the memory.
, using coarse model
2026-01-17 16:57:33,510 - app.routes.generate - INFO - run_generation_task:133 - Generation task gen_973503 completed successfully
2026-01-17 17:01:02,863 - app.routes.generate - INFO - run_generation_task:112 - Starting generation task gen_973503 for E:\SEM 3\EL\Glimpse3D\assets\uploads\-6576181226035178052_chair.jpg
2026-01-17 17:01:02,867 - app.services.gsplat_service - INFO - reconstruct_3d:63 - Running reconstruction: python E:\SEM 3\EL\Glimpse3D\ai_modules\gsplat\reconstruct.py E:\SEM 3\EL\Glimpse3D\assets\uploads\-6576181226035178052_chair.jpg --output E:\SEM 3\EL\Glimpse3D\assets\outputs\gen_973503\reconstructed.ply
2026-01-17 17:02:14,128 - app.services.gsplat_service - INFO - reconstruct_3d:76 - Reconstruction successful: E:\SEM 3\EL\Glimpse3D\assets\outputs\gen_973503\reconstructed.ply
2026-01-17 17:02:14,176 - app.services.pipeline_manager - WARNING - _run_multi_view_generation:217 - SyncDreamerService not available, using single view only
2026-01-17 17:02:14,248 - app.services.diffusion_service - ERROR - initialize:46 - Failed to initialize diffusion service: Failed to import diffusers.pipelines.controlnet.pipeline_controlnet_sd_xl_img2img because of the following error (look up to see its traceback):
Failed to import diffusers.loaders.ip_adapter because of the following error (look up to see its traceback):
DLL load failed while importing _C: The specified procedure could not be found.
2026-01-17 17:02:14,248 - app.services.diffusion_service - ERROR - enhance_views:160 - Batch enhancement failed: Failed to import diffusers.pipelines.controlnet.pipeline_controlnet_sd_xl_img2img because of the following error (look up to see its traceback):
Failed to import diffusers.loaders.ip_adapter because of the following error (look up to see its traceback):
DLL load failed while importing _C: The specified procedure could not be found.
Traceback (most recent call last):
  File "C:\Users\asus\AppData\Local\Programs\Python\Python311\Lib\site-packages\diffusers\utils\import_utils.py", line 953, in _get_module
    return importlib.import_module("." + module_name, self.__name__)
           ^^^^^^^^^^^^^^^^^^^^^^^^^^^^^^^^^^^^^^^^^^^^^^^^^^^^^^^^^
  File "C:\Users\asus\AppData\Local\Programs\Python\Python311\Lib\importlib\__init__.py", line 126, in import_module
    return _bootstrap._gcd_import(name[level:], package, level)
           ^^^^^^^^^^^^^^^^^^^^^^^^^^^^^^^^^^^^^^^^^^^^^^^^^^^^
  File "<frozen importlib._bootstrap>", line 1204, in _gcd_import
  File "<frozen importlib._bootstrap>", line 1176, in _find_and_load
  File "<frozen importlib._bootstrap>", line 1147, in _find_and_load_unlocked
  File "<frozen importlib._bootstrap>", line 690, in _load_unlocked
  File "<frozen importlib._bootstrap_external>", line 940, in exec_module
  File "<frozen importlib._bootstrap>", line 241, in _call_with_frames_removed
  File "C:\Users\asus\AppData\Local\Programs\Python\Python311\Lib\site-packages\diffusers\loaders\ip_adapter.py", line 40, in <module>
    from ..models.attention_processor import (
  File "C:\Users\asus\AppData\Local\Programs\Python\Python311\Lib\site-packages\diffusers\models\attention_processor.py", line 35, in <module>
    import xformers.ops
  File "C:\Users\asus\AppData\Local\Programs\Python\Python311\Lib\site-packages\xformers\ops\__init__.py", line 9, in <module>
    from .fmha import (
  File "C:\Users\asus\AppData\Local\Programs\Python\Python311\Lib\site-packages\xformers\ops\fmha\__init__.py", line 10, in <module>
    from . import (
  File "C:\Users\asus\AppData\Local\Programs\Python\Python311\Lib\site-packages\xformers\ops\fmha\flash3.py", line 110, in <module>
    from ...flash_attn_3 import _C  # type: ignore[attr-defined]  # noqa: F401
    ^^^^^^^^^^^^^^^^^^^^^^^^^^^^^^
ImportError: DLL load failed while importing _C: The specified procedure could not be found.

The above exception was the direct cause of the following exception:

Traceback (most recent call last):
  File "C:\Users\asus\AppData\Local\Programs\Python\Python311\Lib\site-packages\diffusers\utils\import_utils.py", line 953, in _get_module
    return importlib.import_module("." + module_name, self.__name__)
           ^^^^^^^^^^^^^^^^^^^^^^^^^^^^^^^^^^^^^^^^^^^^^^^^^^^^^^^^^
  File "C:\Users\asus\AppData\Local\Programs\Python\Python311\Lib\importlib\__init__.py", line 126, in import_module
    return _bootstrap._gcd_import(name[level:], package, level)
           ^^^^^^^^^^^^^^^^^^^^^^^^^^^^^^^^^^^^^^^^^^^^^^^^^^^^
  File "<frozen importlib._bootstrap>", line 1204, in _gcd_import
  File "<frozen importlib._bootstrap>", line 1176, in _find_and_load
  File "<frozen importlib._bootstrap>", line 1147, in _find_and_load_unlocked
  File "<frozen importlib._bootstrap>", line 690, in _load_unlocked
  File "<frozen importlib._bootstrap_external>", line 940, in exec_module
  File "<frozen importlib._bootstrap>", line 241, in _call_with_frames_removed
  File "C:\Users\asus\AppData\Local\Programs\Python\Python311\Lib\site-packages\diffusers\pipelines\controlnet\pipeline_controlnet_sd_xl_img2img.py", line 35, in <module>
    from ...loaders import (
  File "<frozen importlib._bootstrap>", line 1229, in _handle_fromlist
  File "C:\Users\asus\AppData\Local\Programs\Python\Python311\Lib\site-packages\diffusers\utils\import_utils.py", line 943, in __getattr__
    module = self._get_module(self._class_to_module[name])
             ^^^^^^^^^^^^^^^^^^^^^^^^^^^^^^^^^^^^^^^^^^^^^
  File "C:\Users\asus\AppData\Local\Programs\Python\Python311\Lib\site-packages\diffusers\utils\import_utils.py", line 955, in _get_module
    raise RuntimeError(
RuntimeError: Failed to import diffusers.loaders.ip_adapter because of the following error (look up to see its traceback):
DLL load failed while importing _C: The specified procedure could not be found.

The above exception was the direct cause of the following exception:

Traceback (most recent call last):
  File "E:\SEM 3\EL\Glimpse3D\backend\app\services\diffusion_service.py", line 121, in enhance_views
    await self.initialize()
  File "E:\SEM 3\EL\Glimpse3D\backend\app\services\diffusion_service.py", line 39, in initialize
    self.enhance_service.load()
  File "E:\SEM 3\EL\Glimpse3D\ai_modules\diffusion\enhance_service.py", line 182, in load
    self.pipeline.load()
  File "E:\SEM 3\EL\Glimpse3D\ai_modules\diffusion\sdxl_lightning.py", line 152, in load
    from diffusers import (
  File "<frozen importlib._bootstrap>", line 1229, in _handle_fromlist
  File "C:\Users\asus\AppData\Local\Programs\Python\Python311\Lib\site-packages\diffusers\utils\import_utils.py", line 944, in __getattr__
    value = getattr(module, name)
            ^^^^^^^^^^^^^^^^^^^^^
  File "C:\Users\asus\AppData\Local\Programs\Python\Python311\Lib\site-packages\diffusers\utils\import_utils.py", line 944, in __getattr__
    value = getattr(module, name)
            ^^^^^^^^^^^^^^^^^^^^^
  File "C:\Users\asus\AppData\Local\Programs\Python\Python311\Lib\site-packages\diffusers\utils\import_utils.py", line 943, in __getattr__
    module = self._get_module(self._class_to_module[name])
             ^^^^^^^^^^^^^^^^^^^^^^^^^^^^^^^^^^^^^^^^^^^^^
  File "C:\Users\asus\AppData\Local\Programs\Python\Python311\Lib\site-packages\diffusers\utils\import_utils.py", line 955, in _get_module
    raise RuntimeError(
RuntimeError: Failed to import diffusers.pipelines.controlnet.pipeline_controlnet_sd_xl_img2img because of the following error (look up to see its traceback):
Failed to import diffusers.loaders.ip_adapter because of the following error (look up to see its traceback):
DLL load failed while importing _C: The specified procedure could not be found.
2026-01-17 17:02:14,257 - app.services.pipeline_manager - WARNING - _run_diffusion_enhancement:247 - Diffusion enhancement failed: Batch enhancement failed: Failed to import diffusers.pipelines.controlnet.pipeline_controlnet_sd_xl_img2img because of the following error (look up to see its traceback):
Failed to import diffusers.loaders.ip_adapter because of the following error (look up to see its traceback):
DLL load failed while importing _C: The specified procedure could not be found.
2026-01-17 17:02:14,261 - app.services.gsplat_service - INFO - optimize_splats:214 - Running optimization: python E:\SEM 3\EL\Glimpse3D\ai_modules\gsplat\train.py E:\SEM 3\EL\Glimpse3D\assets\uploads\-6576181226035178052_chair.jpg --out E:\SEM 3\EL\Glimpse3D\assets\outputs\gen_973503 --ply_path E:\SEM 3\EL\Glimpse3D\assets\outputs\gen_973503\reconstructed.ply --iter 100
2026-01-17 17:02:32,211 - app.services.gsplat_service - ERROR - optimize_splats:242 - Optimization failed: Traceback (most recent call last):
  File "E:\SEM 3\EL\Glimpse3D\ai_modules\gsplat\train.py", line 156, in <module>
    main()
  File "E:\SEM 3\EL\Glimpse3D\ai_modules\gsplat\train.py", line 153, in main
    train_pipeline(args.image, args.out, args.iter, args.ply_path)
  File "E:\SEM 3\EL\Glimpse3D\ai_modules\gsplat\train.py", line 68, in train_pipeline
    gs_model = load_ply(initial_ply_path)
               ^^^^^^^^^^^^^^^^^^^^^^^^^^
  File "E:\SEM 3\EL\Glimpse3D\ai_modules\gsplat\utils_gs.py", line 131, in load_ply
    model._opacity = torch.tensor(opacities, dtype=torch.float32)
                     ^^^^^^^^^^^^^^^^^^^^^^^^^^^^^^^^^^^^^^^^^^^^
ValueError: given numpy array strides not a multiple of the element byte size. Copy the numpy array to reallocate the memory.

2026-01-17 17:02:32,215 - app.services.pipeline_manager - WARNING - _run_refinement:274 - Refinement failed: Optimization failed: Traceback (most recent call last):
  File "E:\SEM 3\EL\Glimpse3D\ai_modules\gsplat\train.py", line 156, in <module>
    main()
  File "E:\SEM 3\EL\Glimpse3D\ai_modules\gsplat\train.py", line 153, in main
    train_pipeline(args.image, args.out, args.iter, args.ply_path)
  File "E:\SEM 3\EL\Glimpse3D\ai_modules\gsplat\train.py", line 68, in train_pipeline
    gs_model = load_ply(initial_ply_path)
               ^^^^^^^^^^^^^^^^^^^^^^^^^^
  File "E:\SEM 3\EL\Glimpse3D\ai_modules\gsplat\utils_gs.py", line 131, in load_ply
    model._opacity = torch.tensor(opacities, dtype=torch.float32)
                     ^^^^^^^^^^^^^^^^^^^^^^^^^^^^^^^^^^^^^^^^^^^^
ValueError: given numpy array strides not a multiple of the element byte size. Copy the numpy array to reallocate the memory.
, using coarse model
2026-01-17 17:02:32,217 - app.routes.generate - INFO - run_generation_task:133 - Generation task gen_973503 completed successfully
2026-01-17 17:16:09,780 - app.routes.generate - INFO - run_generation_task:112 - Starting generation task gen_973503 for E:\SEM 3\EL\Glimpse3D\assets\uploads\-6576181226035178052_chair.jpg
2026-01-17 17:16:09,784 - app.services.gsplat_service - INFO - reconstruct_3d:63 - Running reconstruction: python E:\SEM 3\EL\Glimpse3D\ai_modules\gsplat\reconstruct.py E:\SEM 3\EL\Glimpse3D\assets\uploads\-6576181226035178052_chair.jpg --output E:\SEM 3\EL\Glimpse3D\assets\outputs\gen_973503\reconstructed.ply
2026-01-17 17:16:48,084 - app.services.gsplat_service - INFO - reconstruct_3d:76 - Reconstruction successful: E:\SEM 3\EL\Glimpse3D\assets\outputs\gen_973503\reconstructed.ply
2026-01-17 17:16:48,160 - app.services.pipeline_manager - WARNING - _run_multi_view_generation:217 - SyncDreamerService not available, using single view only
2026-01-17 17:16:48,288 - app.services.diffusion_service - ERROR - initialize:46 - Failed to initialize diffusion service: Failed to import diffusers.pipelines.controlnet.pipeline_controlnet_sd_xl_img2img because of the following error (look up to see its traceback):
Failed to import diffusers.loaders.ip_adapter because of the following error (look up to see its traceback):
DLL load failed while importing _C: The specified procedure could not be found.
2026-01-17 17:16:48,288 - app.services.diffusion_service - ERROR - enhance_views:160 - Batch enhancement failed: Failed to import diffusers.pipelines.controlnet.pipeline_controlnet_sd_xl_img2img because of the following error (look up to see its traceback):
Failed to import diffusers.loaders.ip_adapter because of the following error (look up to see its traceback):
DLL load failed while importing _C: The specified procedure could not be found.
Traceback (most recent call last):
  File "C:\Users\asus\AppData\Local\Programs\Python\Python311\Lib\site-packages\diffusers\utils\import_utils.py", line 953, in _get_module
    return importlib.import_module("." + module_name, self.__name__)
           ^^^^^^^^^^^^^^^^^^^^^^^^^^^^^^^^^^^^^^^^^^^^^^^^^^^^^^^^^
  File "C:\Users\asus\AppData\Local\Programs\Python\Python311\Lib\importlib\__init__.py", line 126, in import_module
    return _bootstrap._gcd_import(name[level:], package, level)
           ^^^^^^^^^^^^^^^^^^^^^^^^^^^^^^^^^^^^^^^^^^^^^^^^^^^^
  File "<frozen importlib._bootstrap>", line 1204, in _gcd_import
  File "<frozen importlib._bootstrap>", line 1176, in _find_and_load
  File "<frozen importlib._bootstrap>", line 1147, in _find_and_load_unlocked
  File "<frozen importlib._bootstrap>", line 690, in _load_unlocked
  File "<frozen importlib._bootstrap_external>", line 940, in exec_module
  File "<frozen importlib._bootstrap>", line 241, in _call_with_frames_removed
  File "C:\Users\asus\AppData\Local\Programs\Python\Python311\Lib\site-packages\diffusers\loaders\ip_adapter.py", line 40, in <module>
    from ..models.attention_processor import (
  File "C:\Users\asus\AppData\Local\Programs\Python\Python311\Lib\site-packages\diffusers\models\attention_processor.py", line 35, in <module>
    import xformers.ops
  File "C:\Users\asus\AppData\Local\Programs\Python\Python311\Lib\site-packages\xformers\ops\__init__.py", line 9, in <module>
    from .fmha import (
  File "C:\Users\asus\AppData\Local\Programs\Python\Python311\Lib\site-packages\xformers\ops\fmha\__init__.py", line 10, in <module>
    from . import (
  File "C:\Users\asus\AppData\Local\Programs\Python\Python311\Lib\site-packages\xformers\ops\fmha\flash3.py", line 110, in <module>
    from ...flash_attn_3 import _C  # type: ignore[attr-defined]  # noqa: F401
    ^^^^^^^^^^^^^^^^^^^^^^^^^^^^^^
ImportError: DLL load failed while importing _C: The specified procedure could not be found.

The above exception was the direct cause of the following exception:

Traceback (most recent call last):
  File "C:\Users\asus\AppData\Local\Programs\Python\Python311\Lib\site-packages\diffusers\utils\import_utils.py", line 953, in _get_module
    return importlib.import_module("." + module_name, self.__name__)
           ^^^^^^^^^^^^^^^^^^^^^^^^^^^^^^^^^^^^^^^^^^^^^^^^^^^^^^^^^
  File "C:\Users\asus\AppData\Local\Programs\Python\Python311\Lib\importlib\__init__.py", line 126, in import_module
    return _bootstrap._gcd_import(name[level:], package, level)
           ^^^^^^^^^^^^^^^^^^^^^^^^^^^^^^^^^^^^^^^^^^^^^^^^^^^^
  File "<frozen importlib._bootstrap>", line 1204, in _gcd_import
  File "<frozen importlib._bootstrap>", line 1176, in _find_and_load
  File "<frozen importlib._bootstrap>", line 1147, in _find_and_load_unlocked
  File "<frozen importlib._bootstrap>", line 690, in _load_unlocked
  File "<frozen importlib._bootstrap_external>", line 940, in exec_module
  File "<frozen importlib._bootstrap>", line 241, in _call_with_frames_removed
  File "C:\Users\asus\AppData\Local\Programs\Python\Python311\Lib\site-packages\diffusers\pipelines\controlnet\pipeline_controlnet_sd_xl_img2img.py", line 35, in <module>
    from ...loaders import (
  File "<frozen importlib._bootstrap>", line 1229, in _handle_fromlist
  File "C:\Users\asus\AppData\Local\Programs\Python\Python311\Lib\site-packages\diffusers\utils\import_utils.py", line 943, in __getattr__
    module = self._get_module(self._class_to_module[name])
             ^^^^^^^^^^^^^^^^^^^^^^^^^^^^^^^^^^^^^^^^^^^^^
  File "C:\Users\asus\AppData\Local\Programs\Python\Python311\Lib\site-packages\diffusers\utils\import_utils.py", line 955, in _get_module
    raise RuntimeError(
RuntimeError: Failed to import diffusers.loaders.ip_adapter because of the following error (look up to see its traceback):
DLL load failed while importing _C: The specified procedure could not be found.

The above exception was the direct cause of the following exception:

Traceback (most recent call last):
  File "E:\SEM 3\EL\Glimpse3D\backend\app\services\diffusion_service.py", line 121, in enhance_views
    await self.initialize()
  File "E:\SEM 3\EL\Glimpse3D\backend\app\services\diffusion_service.py", line 39, in initialize
    self.enhance_service.load()
  File "E:\SEM 3\EL\Glimpse3D\ai_modules\diffusion\enhance_service.py", line 182, in load
    self.pipeline.load()
  File "E:\SEM 3\EL\Glimpse3D\ai_modules\diffusion\sdxl_lightning.py", line 152, in load
    from diffusers import (
  File "<frozen importlib._bootstrap>", line 1229, in _handle_fromlist
  File "C:\Users\asus\AppData\Local\Programs\Python\Python311\Lib\site-packages\diffusers\utils\import_utils.py", line 944, in __getattr__
    value = getattr(module, name)
            ^^^^^^^^^^^^^^^^^^^^^
  File "C:\Users\asus\AppData\Local\Programs\Python\Python311\Lib\site-packages\diffusers\utils\import_utils.py", line 944, in __getattr__
    value = getattr(module, name)
            ^^^^^^^^^^^^^^^^^^^^^
  File "C:\Users\asus\AppData\Local\Programs\Python\Python311\Lib\site-packages\diffusers\utils\import_utils.py", line 943, in __getattr__
    module = self._get_module(self._class_to_module[name])
             ^^^^^^^^^^^^^^^^^^^^^^^^^^^^^^^^^^^^^^^^^^^^^
  File "C:\Users\asus\AppData\Local\Programs\Python\Python311\Lib\site-packages\diffusers\utils\import_utils.py", line 955, in _get_module
    raise RuntimeError(
RuntimeError: Failed to import diffusers.pipelines.controlnet.pipeline_controlnet_sd_xl_img2img because of the following error (look up to see its traceback):
Failed to import diffusers.loaders.ip_adapter because of the following error (look up to see its traceback):
DLL load failed while importing _C: The specified procedure could not be found.
2026-01-17 17:16:48,303 - app.services.pipeline_manager - WARNING - _run_diffusion_enhancement:247 - Diffusion enhancement failed: Batch enhancement failed: Failed to import diffusers.pipelines.controlnet.pipeline_controlnet_sd_xl_img2img because of the following error (look up to see its traceback):
Failed to import diffusers.loaders.ip_adapter because of the following error (look up to see its traceback):
DLL load failed while importing _C: The specified procedure could not be found.
2026-01-17 17:16:48,305 - app.services.gsplat_service - INFO - optimize_splats:214 - Running optimization: python E:\SEM 3\EL\Glimpse3D\ai_modules\gsplat\train.py E:\SEM 3\EL\Glimpse3D\assets\uploads\-6576181226035178052_chair.jpg --out E:\SEM 3\EL\Glimpse3D\assets\outputs\gen_973503 --ply_path E:\SEM 3\EL\Glimpse3D\assets\outputs\gen_973503\reconstructed.ply --iter 100
2026-01-17 17:17:11,824 - app.services.gsplat_service - ERROR - optimize_splats:242 - Optimization failed: C:\Users\asus\AppData\Local\Programs\Python\Python311\Lib\site-packages\lightning_fabric\__init__.py:40: pkg_resources is deprecated as an API. See https://setuptools.pypa.io/en/latest/pkg_resources.html. The pkg_resources package is slated for removal as early as 2025-11-30. Refrain from using this package or pin to Setuptools<81.
Traceback (most recent call last):
  File "E:\SEM 3\EL\Glimpse3D\ai_modules\gsplat\train.py", line 18, in <module>
    from ai_modules.sync_dreamer.utils_syncdreamer import SYNCDREAMER_CAMERAS, get_camera_matrices
  File "E:\SEM 3\EL\Glimpse3D\ai_modules\sync_dreamer\__init__.py", line 22, in <module>
    from .inference import (
  File "E:\SEM 3\EL\Glimpse3D\ai_modules\sync_dreamer\inference.py", line 36, in <module>
    from ldm.models.diffusion.sync_dreamer import SyncMultiviewDiffusion, SyncDDIMSampler
  File "E:\SEM 3\EL\Glimpse3D\ai_modules\sync_dreamer\ldm\models\diffusion\sync_dreamer.py", line 13, in <module>
    from ldm.models.diffusion.sync_dreamer_utils import get_warp_coordinates, create_target_volume
  File "E:\SEM 3\EL\Glimpse3D\ai_modules\sync_dreamer\ldm\models\diffusion\sync_dreamer_utils.py", line 2, in <module>
    from kornia import create_meshgrid
ModuleNotFoundError: No module named 'kornia'

During handling of the above exception, another exception occurred:

Traceback (most recent call last):
  File "E:\SEM 3\EL\Glimpse3D\ai_modules\gsplat\train.py", line 22, in <module>
    logger.warning("SyncDreamer utils not found. Multi-view refinement will be disabled.")
    ^^^^^^
NameError: name 'logger' is not defined

2026-01-17 17:17:11,830 - app.services.pipeline_manager - WARNING - _run_refinement:274 - Refinement failed: Optimization failed: C:\Users\asus\AppData\Local\Programs\Python\Python311\Lib\site-packages\lightning_fabric\__init__.py:40: pkg_resources is deprecated as an API. See https://setuptools.pypa.io/en/latest/pkg_resources.html. The pkg_resources package is slated for removal as early as 2025-11-30. Refrain from using this package or pin to Setuptools<81.
Traceback (most recent call last):
  File "E:\SEM 3\EL\Glimpse3D\ai_modules\gsplat\train.py", line 18, in <module>
    from ai_modules.sync_dreamer.utils_syncdreamer import SYNCDREAMER_CAMERAS, get_camera_matrices
  File "E:\SEM 3\EL\Glimpse3D\ai_modules\sync_dreamer\__init__.py", line 22, in <module>
    from .inference import (
  File "E:\SEM 3\EL\Glimpse3D\ai_modules\sync_dreamer\inference.py", line 36, in <module>
    from ldm.models.diffusion.sync_dreamer import SyncMultiviewDiffusion, SyncDDIMSampler
  File "E:\SEM 3\EL\Glimpse3D\ai_modules\sync_dreamer\ldm\models\diffusion\sync_dreamer.py", line 13, in <module>
    from ldm.models.diffusion.sync_dreamer_utils import get_warp_coordinates, create_target_volume
  File "E:\SEM 3\EL\Glimpse3D\ai_modules\sync_dreamer\ldm\models\diffusion\sync_dreamer_utils.py", line 2, in <module>
    from kornia import create_meshgrid
ModuleNotFoundError: No module named 'kornia'

During handling of the above exception, another exception occurred:

Traceback (most recent call last):
  File "E:\SEM 3\EL\Glimpse3D\ai_modules\gsplat\train.py", line 22, in <module>
    logger.warning("SyncDreamer utils not found. Multi-view refinement will be disabled.")
    ^^^^^^
NameError: name 'logger' is not defined
, using coarse model
2026-01-17 17:17:11,830 - app.routes.generate - INFO - run_generation_task:133 - Generation task gen_973503 completed successfully
