2026-01-17 15:44:30,610 - backend.app.routes.generate - INFO - run_generation_task:112 - Starting generation task gen_158921 for e:\SEM 3\EL\Glimpse3D\assets\input_images\input.png
2026-01-17 15:44:30,616 - backend.app.services.gsplat_service - INFO - reconstruct_3d:63 - Running reconstruction: python E:\SEM 3\EL\Glimpse3D\ai_modules\gsplat\reconstruct.py e:\SEM 3\EL\Glimpse3D\assets\input_images\input.png --output E:\SEM 3\EL\Glimpse3D\assets\outputs\gen_158921\reconstructed.ply
2026-01-17 15:46:06,143 - backend.app.services.gsplat_service - INFO - reconstruct_3d:76 - Reconstruction successful: E:\SEM 3\EL\Glimpse3D\assets\outputs\gen_158921\reconstructed.ply
2026-01-17 15:46:33,658 - backend.app.services.pipeline_manager - WARNING - _run_multi_view_generation:217 - SyncDreamerService not available, using single view only
2026-01-17 15:46:38,574 - backend.app.services.diffusion_service - ERROR - initialize:46 - Failed to initialize diffusion service: Failed to import diffusers.pipelines.controlnet.pipeline_controlnet_sd_xl_img2img because of the following error (look up to see its traceback):
Failed to import diffusers.loaders.ip_adapter because of the following error (look up to see its traceback):
DLL load failed while importing _C: The specified procedure could not be found.
2026-01-17 15:46:38,574 - backend.app.services.diffusion_service - ERROR - enhance_views:160 - Batch enhancement failed: Failed to import diffusers.pipelines.controlnet.pipeline_controlnet_sd_xl_img2img because of the following error (look up to see its traceback):
Failed to import diffusers.loaders.ip_adapter because of the following error (look up to see its traceback):
DLL load failed while importing _C: The specified procedure could not be found.
Traceback (most recent call last):
  File "C:\Users\asus\AppData\Local\Programs\Python\Python311\Lib\site-packages\diffusers\utils\import_utils.py", line 953, in _get_module
    return importlib.import_module("." + module_name, self.__name__)
           ^^^^^^^^^^^^^^^^^^^^^^^^^^^^^^^^^^^^^^^^^^^^^^^^^^^^^^^^^
  File "C:\Users\asus\AppData\Local\Programs\Python\Python311\Lib\importlib\__init__.py", line 126, in import_module
    return _bootstrap._gcd_import(name[level:], package, level)
           ^^^^^^^^^^^^^^^^^^^^^^^^^^^^^^^^^^^^^^^^^^^^^^^^^^^^
  File "<frozen importlib._bootstrap>", line 1204, in _gcd_import
  File "<frozen importlib._bootstrap>", line 1176, in _find_and_load
  File "<frozen importlib._bootstrap>", line 1147, in _find_and_load_unlocked
  File "<frozen importlib._bootstrap>", line 690, in _load_unlocked
  File "<frozen importlib._bootstrap_external>", line 940, in exec_module
  File "<frozen importlib._bootstrap>", line 241, in _call_with_frames_removed
  File "C:\Users\asus\AppData\Local\Programs\Python\Python311\Lib\site-packages\diffusers\loaders\ip_adapter.py", line 40, in <module>
    from ..models.attention_processor import (
  File "C:\Users\asus\AppData\Local\Programs\Python\Python311\Lib\site-packages\diffusers\models\attention_processor.py", line 35, in <module>
    import xformers.ops
  File "C:\Users\asus\AppData\Local\Programs\Python\Python311\Lib\site-packages\xformers\ops\__init__.py", line 9, in <module>
    from .fmha import (
  File "C:\Users\asus\AppData\Local\Programs\Python\Python311\Lib\site-packages\xformers\ops\fmha\__init__.py", line 10, in <module>
    from . import (
  File "C:\Users\asus\AppData\Local\Programs\Python\Python311\Lib\site-packages\xformers\ops\fmha\flash3.py", line 110, in <module>
    from ...flash_attn_3 import _C  # type: ignore[attr-defined]  # noqa: F401
    ^^^^^^^^^^^^^^^^^^^^^^^^^^^^^^
ImportError: DLL load failed while importing _C: The specified procedure could not be found.

The above exception was the direct cause of the following exception:

Traceback (most recent call last):
  File "C:\Users\asus\AppData\Local\Programs\Python\Python311\Lib\site-packages\diffusers\utils\import_utils.py", line 953, in _get_module
    return importlib.import_module("." + module_name, self.__name__)
           ^^^^^^^^^^^^^^^^^^^^^^^^^^^^^^^^^^^^^^^^^^^^^^^^^^^^^^^^^
  File "C:\Users\asus\AppData\Local\Programs\Python\Python311\Lib\importlib\__init__.py", line 126, in import_module
    return _bootstrap._gcd_import(name[level:], package, level)
           ^^^^^^^^^^^^^^^^^^^^^^^^^^^^^^^^^^^^^^^^^^^^^^^^^^^^
  File "<frozen importlib._bootstrap>", line 1204, in _gcd_import
  File "<frozen importlib._bootstrap>", line 1176, in _find_and_load
  File "<frozen importlib._bootstrap>", line 1147, in _find_and_load_unlocked
  File "<frozen importlib._bootstrap>", line 690, in _load_unlocked
  File "<frozen importlib._bootstrap_external>", line 940, in exec_module
  File "<frozen importlib._bootstrap>", line 241, in _call_with_frames_removed
  File "C:\Users\asus\AppData\Local\Programs\Python\Python311\Lib\site-packages\diffusers\pipelines\controlnet\pipeline_controlnet_sd_xl_img2img.py", line 35, in <module>
    from ...loaders import (
  File "<frozen importlib._bootstrap>", line 1229, in _handle_fromlist
  File "C:\Users\asus\AppData\Local\Programs\Python\Python311\Lib\site-packages\diffusers\utils\import_utils.py", line 943, in __getattr__
    module = self._get_module(self._class_to_module[name])
             ^^^^^^^^^^^^^^^^^^^^^^^^^^^^^^^^^^^^^^^^^^^^^
  File "C:\Users\asus\AppData\Local\Programs\Python\Python311\Lib\site-packages\diffusers\utils\import_utils.py", line 955, in _get_module
    raise RuntimeError(
RuntimeError: Failed to import diffusers.loaders.ip_adapter because of the following error (look up to see its traceback):
DLL load failed while importing _C: The specified procedure could not be found.

The above exception was the direct cause of the following exception:

Traceback (most recent call last):
  File "E:\SEM 3\EL\Glimpse3D\backend\app\services\diffusion_service.py", line 121, in enhance_views
    await self.initialize()
  File "E:\SEM 3\EL\Glimpse3D\backend\app\services\diffusion_service.py", line 39, in initialize
    self.enhance_service.load()
  File "E:\SEM 3\EL\Glimpse3D\ai_modules\diffusion\enhance_service.py", line 182, in load
    self.pipeline.load()
  File "E:\SEM 3\EL\Glimpse3D\ai_modules\diffusion\sdxl_lightning.py", line 152, in load
    from diffusers import (
  File "<frozen importlib._bootstrap>", line 1229, in _handle_fromlist
  File "C:\Users\asus\AppData\Local\Programs\Python\Python311\Lib\site-packages\diffusers\utils\import_utils.py", line 944, in __getattr__
    value = getattr(module, name)
            ^^^^^^^^^^^^^^^^^^^^^
  File "C:\Users\asus\AppData\Local\Programs\Python\Python311\Lib\site-packages\diffusers\utils\import_utils.py", line 944, in __getattr__
    value = getattr(module, name)
            ^^^^^^^^^^^^^^^^^^^^^
  File "C:\Users\asus\AppData\Local\Programs\Python\Python311\Lib\site-packages\diffusers\utils\import_utils.py", line 943, in __getattr__
    module = self._get_module(self._class_to_module[name])
             ^^^^^^^^^^^^^^^^^^^^^^^^^^^^^^^^^^^^^^^^^^^^^
  File "C:\Users\asus\AppData\Local\Programs\Python\Python311\Lib\site-packages\diffusers\utils\import_utils.py", line 955, in _get_module
    raise RuntimeError(
RuntimeError: Failed to import diffusers.pipelines.controlnet.pipeline_controlnet_sd_xl_img2img because of the following error (look up to see its traceback):
Failed to import diffusers.loaders.ip_adapter because of the following error (look up to see its traceback):
DLL load failed while importing _C: The specified procedure could not be found.
2026-01-17 15:46:38,592 - backend.app.services.pipeline_manager - WARNING - _run_diffusion_enhancement:247 - Diffusion enhancement failed: Batch enhancement failed: Failed to import diffusers.pipelines.controlnet.pipeline_controlnet_sd_xl_img2img because of the following error (look up to see its traceback):
Failed to import diffusers.loaders.ip_adapter because of the following error (look up to see its traceback):
DLL load failed while importing _C: The specified procedure could not be found.
2026-01-17 15:46:38,594 - backend.app.services.gsplat_service - INFO - optimize_splats:214 - Running optimization: python E:\SEM 3\EL\Glimpse3D\ai_modules\gsplat\train.py e:\SEM 3\EL\Glimpse3D\assets\input_images\input.png --out E:\SEM 3\EL\Glimpse3D\assets\outputs\gen_158921 --ply_path E:\SEM 3\EL\Glimpse3D\assets\outputs\gen_158921\reconstructed.ply --iter 100
2026-01-17 15:46:59,183 - backend.app.services.gsplat_service - INFO - optimize_splats:229 - Optimization successful: E:\SEM 3\EL\Glimpse3D\assets\outputs\gen_158921\reconstructed.ply
2026-01-17 15:46:59,186 - backend.app.routes.generate - INFO - run_generation_task:133 - Generation task gen_158921 completed successfully
2026-01-17 16:15:14,661 - backend.app.routes.generate - INFO - run_generation_task:112 - Starting generation task gen_157695 for E:\SEM 3\EL\Glimpse3D\assets\uploads\1586679589447083833_chair.jpg
2026-01-17 16:15:14,666 - backend.app.services.gsplat_service - INFO - reconstruct_3d:63 - Running reconstruction: python E:\SEM 3\EL\Glimpse3D\ai_modules\gsplat\reconstruct.py E:\SEM 3\EL\Glimpse3D\assets\uploads\1586679589447083833_chair.jpg --output E:\SEM 3\EL\Glimpse3D\assets\outputs\gen_157695\reconstructed.ply
2026-01-17 16:16:19,321 - backend.app.services.gsplat_service - INFO - reconstruct_3d:76 - Reconstruction successful: E:\SEM 3\EL\Glimpse3D\assets\outputs\gen_157695\reconstructed.ply
2026-01-17 16:16:19,451 - backend.app.services.pipeline_manager - WARNING - _run_multi_view_generation:217 - SyncDreamerService not available, using single view only
2026-01-17 16:16:19,641 - backend.app.services.diffusion_service - ERROR - initialize:46 - Failed to initialize diffusion service: Failed to import diffusers.pipelines.controlnet.pipeline_controlnet_sd_xl_img2img because of the following error (look up to see its traceback):
Failed to import diffusers.loaders.ip_adapter because of the following error (look up to see its traceback):
DLL load failed while importing _C: The specified procedure could not be found.
2026-01-17 16:16:19,641 - backend.app.services.diffusion_service - ERROR - enhance_views:160 - Batch enhancement failed: Failed to import diffusers.pipelines.controlnet.pipeline_controlnet_sd_xl_img2img because of the following error (look up to see its traceback):
Failed to import diffusers.loaders.ip_adapter because of the following error (look up to see its traceback):
DLL load failed while importing _C: The specified procedure could not be found.
Traceback (most recent call last):
  File "C:\Users\asus\AppData\Local\Programs\Python\Python311\Lib\site-packages\diffusers\utils\import_utils.py", line 953, in _get_module
    return importlib.import_module("." + module_name, self.__name__)
           ^^^^^^^^^^^^^^^^^^^^^^^^^^^^^^^^^^^^^^^^^^^^^^^^^^^^^^^^^
  File "C:\Users\asus\AppData\Local\Programs\Python\Python311\Lib\importlib\__init__.py", line 126, in import_module
    return _bootstrap._gcd_import(name[level:], package, level)
           ^^^^^^^^^^^^^^^^^^^^^^^^^^^^^^^^^^^^^^^^^^^^^^^^^^^^
  File "<frozen importlib._bootstrap>", line 1204, in _gcd_import
  File "<frozen importlib._bootstrap>", line 1176, in _find_and_load
  File "<frozen importlib._bootstrap>", line 1147, in _find_and_load_unlocked
  File "<frozen importlib._bootstrap>", line 690, in _load_unlocked
  File "<frozen importlib._bootstrap_external>", line 940, in exec_module
  File "<frozen importlib._bootstrap>", line 241, in _call_with_frames_removed
  File "C:\Users\asus\AppData\Local\Programs\Python\Python311\Lib\site-packages\diffusers\loaders\ip_adapter.py", line 40, in <module>
    from ..models.attention_processor import (
  File "C:\Users\asus\AppData\Local\Programs\Python\Python311\Lib\site-packages\diffusers\models\attention_processor.py", line 35, in <module>
    import xformers.ops
  File "C:\Users\asus\AppData\Local\Programs\Python\Python311\Lib\site-packages\xformers\ops\__init__.py", line 9, in <module>
    from .fmha import (
  File "C:\Users\asus\AppData\Local\Programs\Python\Python311\Lib\site-packages\xformers\ops\fmha\__init__.py", line 10, in <module>
    from . import (
  File "C:\Users\asus\AppData\Local\Programs\Python\Python311\Lib\site-packages\xformers\ops\fmha\flash3.py", line 110, in <module>
    from ...flash_attn_3 import _C  # type: ignore[attr-defined]  # noqa: F401
    ^^^^^^^^^^^^^^^^^^^^^^^^^^^^^^
ImportError: DLL load failed while importing _C: The specified procedure could not be found.

The above exception was the direct cause of the following exception:

Traceback (most recent call last):
  File "C:\Users\asus\AppData\Local\Programs\Python\Python311\Lib\site-packages\diffusers\utils\import_utils.py", line 953, in _get_module
    return importlib.import_module("." + module_name, self.__name__)
           ^^^^^^^^^^^^^^^^^^^^^^^^^^^^^^^^^^^^^^^^^^^^^^^^^^^^^^^^^
  File "C:\Users\asus\AppData\Local\Programs\Python\Python311\Lib\importlib\__init__.py", line 126, in import_module
    return _bootstrap._gcd_import(name[level:], package, level)
           ^^^^^^^^^^^^^^^^^^^^^^^^^^^^^^^^^^^^^^^^^^^^^^^^^^^^
  File "<frozen importlib._bootstrap>", line 1204, in _gcd_import
  File "<frozen importlib._bootstrap>", line 1176, in _find_and_load
  File "<frozen importlib._bootstrap>", line 1147, in _find_and_load_unlocked
  File "<frozen importlib._bootstrap>", line 690, in _load_unlocked
  File "<frozen importlib._bootstrap_external>", line 940, in exec_module
  File "<frozen importlib._bootstrap>", line 241, in _call_with_frames_removed
  File "C:\Users\asus\AppData\Local\Programs\Python\Python311\Lib\site-packages\diffusers\pipelines\controlnet\pipeline_controlnet_sd_xl_img2img.py", line 35, in <module>
    from ...loaders import (
  File "<frozen importlib._bootstrap>", line 1229, in _handle_fromlist
  File "C:\Users\asus\AppData\Local\Programs\Python\Python311\Lib\site-packages\diffusers\utils\import_utils.py", line 943, in __getattr__
    module = self._get_module(self._class_to_module[name])
             ^^^^^^^^^^^^^^^^^^^^^^^^^^^^^^^^^^^^^^^^^^^^^
  File "C:\Users\asus\AppData\Local\Programs\Python\Python311\Lib\site-packages\diffusers\utils\import_utils.py", line 955, in _get_module
    raise RuntimeError(
RuntimeError: Failed to import diffusers.loaders.ip_adapter because of the following error (look up to see its traceback):
DLL load failed while importing _C: The specified procedure could not be found.

The above exception was the direct cause of the following exception:

Traceback (most recent call last):
  File "E:\SEM 3\EL\Glimpse3D\backend\app\services\diffusion_service.py", line 121, in enhance_views
    await self.initialize()
  File "E:\SEM 3\EL\Glimpse3D\backend\app\services\diffusion_service.py", line 39, in initialize
    self.enhance_service.load()
  File "E:\SEM 3\EL\Glimpse3D\ai_modules\diffusion\enhance_service.py", line 182, in load
    self.pipeline.load()
  File "E:\SEM 3\EL\Glimpse3D\ai_modules\diffusion\sdxl_lightning.py", line 152, in load
    from diffusers import (
  File "<frozen importlib._bootstrap>", line 1229, in _handle_fromlist
  File "C:\Users\asus\AppData\Local\Programs\Python\Python311\Lib\site-packages\diffusers\utils\import_utils.py", line 944, in __getattr__
    value = getattr(module, name)
            ^^^^^^^^^^^^^^^^^^^^^
  File "C:\Users\asus\AppData\Local\Programs\Python\Python311\Lib\site-packages\diffusers\utils\import_utils.py", line 944, in __getattr__
    value = getattr(module, name)
            ^^^^^^^^^^^^^^^^^^^^^
  File "C:\Users\asus\AppData\Local\Programs\Python\Python311\Lib\site-packages\diffusers\utils\import_utils.py", line 943, in __getattr__
    module = self._get_module(self._class_to_module[name])
             ^^^^^^^^^^^^^^^^^^^^^^^^^^^^^^^^^^^^^^^^^^^^^
  File "C:\Users\asus\AppData\Local\Programs\Python\Python311\Lib\site-packages\diffusers\utils\import_utils.py", line 955, in _get_module
    raise RuntimeError(
RuntimeError: Failed to import diffusers.pipelines.controlnet.pipeline_controlnet_sd_xl_img2img because of the following error (look up to see its traceback):
Failed to import diffusers.loaders.ip_adapter because of the following error (look up to see its traceback):
DLL load failed while importing _C: The specified procedure could not be found.
2026-01-17 16:16:19,663 - backend.app.services.pipeline_manager - WARNING - _run_diffusion_enhancement:247 - Diffusion enhancement failed: Batch enhancement failed: Failed to import diffusers.pipelines.controlnet.pipeline_controlnet_sd_xl_img2img because of the following error (look up to see its traceback):
Failed to import diffusers.loaders.ip_adapter because of the following error (look up to see its traceback):
DLL load failed while importing _C: The specified procedure could not be found.
2026-01-17 16:16:19,665 - backend.app.services.gsplat_service - INFO - optimize_splats:214 - Running optimization: python E:\SEM 3\EL\Glimpse3D\ai_modules\gsplat\train.py E:\SEM 3\EL\Glimpse3D\assets\uploads\1586679589447083833_chair.jpg --out E:\SEM 3\EL\Glimpse3D\assets\outputs\gen_157695 --ply_path E:\SEM 3\EL\Glimpse3D\assets\outputs\gen_157695\reconstructed.ply --iter 100
2026-01-17 16:16:42,653 - backend.app.services.gsplat_service - INFO - optimize_splats:229 - Optimization successful: E:\SEM 3\EL\Glimpse3D\assets\outputs\gen_157695\reconstructed.ply
2026-01-17 16:16:42,656 - backend.app.routes.generate - INFO - run_generation_task:133 - Generation task gen_157695 completed successfully
2026-01-17 16:16:42,689 - backend.app.routes.generate - INFO - run_generation_task:112 - Starting generation task gen_157695 for E:\SEM 3\EL\Glimpse3D\assets\uploads\1586679589447083833_chair.jpg
2026-01-17 16:16:42,689 - backend.app.services.gsplat_service - INFO - reconstruct_3d:63 - Running reconstruction: python E:\SEM 3\EL\Glimpse3D\ai_modules\gsplat\reconstruct.py E:\SEM 3\EL\Glimpse3D\assets\uploads\1586679589447083833_chair.jpg --output E:\SEM 3\EL\Glimpse3D\assets\outputs\gen_157695\reconstructed.ply
2026-01-17 16:17:41,505 - backend.app.services.gsplat_service - INFO - reconstruct_3d:76 - Reconstruction successful: E:\SEM 3\EL\Glimpse3D\assets\outputs\gen_157695\reconstructed.ply
2026-01-17 16:17:41,555 - backend.app.services.pipeline_manager - WARNING - _run_multi_view_generation:217 - SyncDreamerService not available, using single view only
2026-01-17 16:17:41,598 - backend.app.services.diffusion_service - ERROR - initialize:46 - Failed to initialize diffusion service: Failed to import diffusers.pipelines.controlnet.pipeline_controlnet_sd_xl_img2img because of the following error (look up to see its traceback):
Failed to import diffusers.loaders.ip_adapter because of the following error (look up to see its traceback):
DLL load failed while importing _C: The specified procedure could not be found.
2026-01-17 16:17:41,598 - backend.app.services.diffusion_service - ERROR - enhance_views:160 - Batch enhancement failed: Failed to import diffusers.pipelines.controlnet.pipeline_controlnet_sd_xl_img2img because of the following error (look up to see its traceback):
Failed to import diffusers.loaders.ip_adapter because of the following error (look up to see its traceback):
DLL load failed while importing _C: The specified procedure could not be found.
Traceback (most recent call last):
  File "C:\Users\asus\AppData\Local\Programs\Python\Python311\Lib\site-packages\diffusers\utils\import_utils.py", line 953, in _get_module
    return importlib.import_module("." + module_name, self.__name__)
           ^^^^^^^^^^^^^^^^^^^^^^^^^^^^^^^^^^^^^^^^^^^^^^^^^^^^^^^^^
  File "C:\Users\asus\AppData\Local\Programs\Python\Python311\Lib\importlib\__init__.py", line 126, in import_module
    return _bootstrap._gcd_import(name[level:], package, level)
           ^^^^^^^^^^^^^^^^^^^^^^^^^^^^^^^^^^^^^^^^^^^^^^^^^^^^
  File "<frozen importlib._bootstrap>", line 1204, in _gcd_import
  File "<frozen importlib._bootstrap>", line 1176, in _find_and_load
  File "<frozen importlib._bootstrap>", line 1147, in _find_and_load_unlocked
  File "<frozen importlib._bootstrap>", line 690, in _load_unlocked
  File "<frozen importlib._bootstrap_external>", line 940, in exec_module
  File "<frozen importlib._bootstrap>", line 241, in _call_with_frames_removed
  File "C:\Users\asus\AppData\Local\Programs\Python\Python311\Lib\site-packages\diffusers\loaders\ip_adapter.py", line 40, in <module>
    from ..models.attention_processor import (
  File "C:\Users\asus\AppData\Local\Programs\Python\Python311\Lib\site-packages\diffusers\models\attention_processor.py", line 35, in <module>
    import xformers.ops
  File "C:\Users\asus\AppData\Local\Programs\Python\Python311\Lib\site-packages\xformers\ops\__init__.py", line 9, in <module>
    from .fmha import (
  File "C:\Users\asus\AppData\Local\Programs\Python\Python311\Lib\site-packages\xformers\ops\fmha\__init__.py", line 10, in <module>
    from . import (
  File "C:\Users\asus\AppData\Local\Programs\Python\Python311\Lib\site-packages\xformers\ops\fmha\flash3.py", line 110, in <module>
    from ...flash_attn_3 import _C  # type: ignore[attr-defined]  # noqa: F401
    ^^^^^^^^^^^^^^^^^^^^^^^^^^^^^^
ImportError: DLL load failed while importing _C: The specified procedure could not be found.

The above exception was the direct cause of the following exception:

Traceback (most recent call last):
  File "C:\Users\asus\AppData\Local\Programs\Python\Python311\Lib\site-packages\diffusers\utils\import_utils.py", line 953, in _get_module
    return importlib.import_module("." + module_name, self.__name__)
           ^^^^^^^^^^^^^^^^^^^^^^^^^^^^^^^^^^^^^^^^^^^^^^^^^^^^^^^^^
  File "C:\Users\asus\AppData\Local\Programs\Python\Python311\Lib\importlib\__init__.py", line 126, in import_module
    return _bootstrap._gcd_import(name[level:], package, level)
           ^^^^^^^^^^^^^^^^^^^^^^^^^^^^^^^^^^^^^^^^^^^^^^^^^^^^
  File "<frozen importlib._bootstrap>", line 1204, in _gcd_import
  File "<frozen importlib._bootstrap>", line 1176, in _find_and_load
  File "<frozen importlib._bootstrap>", line 1147, in _find_and_load_unlocked
  File "<frozen importlib._bootstrap>", line 690, in _load_unlocked
  File "<frozen importlib._bootstrap_external>", line 940, in exec_module
  File "<frozen importlib._bootstrap>", line 241, in _call_with_frames_removed
  File "C:\Users\asus\AppData\Local\Programs\Python\Python311\Lib\site-packages\diffusers\pipelines\controlnet\pipeline_controlnet_sd_xl_img2img.py", line 35, in <module>
    from ...loaders import (
  File "<frozen importlib._bootstrap>", line 1229, in _handle_fromlist
  File "C:\Users\asus\AppData\Local\Programs\Python\Python311\Lib\site-packages\diffusers\utils\import_utils.py", line 943, in __getattr__
    module = self._get_module(self._class_to_module[name])
             ^^^^^^^^^^^^^^^^^^^^^^^^^^^^^^^^^^^^^^^^^^^^^
  File "C:\Users\asus\AppData\Local\Programs\Python\Python311\Lib\site-packages\diffusers\utils\import_utils.py", line 955, in _get_module
    raise RuntimeError(
RuntimeError: Failed to import diffusers.loaders.ip_adapter because of the following error (look up to see its traceback):
DLL load failed while importing _C: The specified procedure could not be found.

The above exception was the direct cause of the following exception:

Traceback (most recent call last):
  File "E:\SEM 3\EL\Glimpse3D\backend\app\services\diffusion_service.py", line 121, in enhance_views
    await self.initialize()
  File "E:\SEM 3\EL\Glimpse3D\backend\app\services\diffusion_service.py", line 39, in initialize
    self.enhance_service.load()
  File "E:\SEM 3\EL\Glimpse3D\ai_modules\diffusion\enhance_service.py", line 182, in load
    self.pipeline.load()
  File "E:\SEM 3\EL\Glimpse3D\ai_modules\diffusion\sdxl_lightning.py", line 152, in load
    from diffusers import (
  File "<frozen importlib._bootstrap>", line 1229, in _handle_fromlist
  File "C:\Users\asus\AppData\Local\Programs\Python\Python311\Lib\site-packages\diffusers\utils\import_utils.py", line 944, in __getattr__
    value = getattr(module, name)
            ^^^^^^^^^^^^^^^^^^^^^
  File "C:\Users\asus\AppData\Local\Programs\Python\Python311\Lib\site-packages\diffusers\utils\import_utils.py", line 944, in __getattr__
    value = getattr(module, name)
            ^^^^^^^^^^^^^^^^^^^^^
  File "C:\Users\asus\AppData\Local\Programs\Python\Python311\Lib\site-packages\diffusers\utils\import_utils.py", line 943, in __getattr__
    module = self._get_module(self._class_to_module[name])
             ^^^^^^^^^^^^^^^^^^^^^^^^^^^^^^^^^^^^^^^^^^^^^
  File "C:\Users\asus\AppData\Local\Programs\Python\Python311\Lib\site-packages\diffusers\utils\import_utils.py", line 955, in _get_module
    raise RuntimeError(
RuntimeError: Failed to import diffusers.pipelines.controlnet.pipeline_controlnet_sd_xl_img2img because of the following error (look up to see its traceback):
Failed to import diffusers.loaders.ip_adapter because of the following error (look up to see its traceback):
DLL load failed while importing _C: The specified procedure could not be found.
2026-01-17 16:17:41,604 - backend.app.services.pipeline_manager - WARNING - _run_diffusion_enhancement:247 - Diffusion enhancement failed: Batch enhancement failed: Failed to import diffusers.pipelines.controlnet.pipeline_controlnet_sd_xl_img2img because of the following error (look up to see its traceback):
Failed to import diffusers.loaders.ip_adapter because of the following error (look up to see its traceback):
DLL load failed while importing _C: The specified procedure could not be found.
2026-01-17 16:17:41,605 - backend.app.services.gsplat_service - INFO - optimize_splats:214 - Running optimization: python E:\SEM 3\EL\Glimpse3D\ai_modules\gsplat\train.py E:\SEM 3\EL\Glimpse3D\assets\uploads\1586679589447083833_chair.jpg --out E:\SEM 3\EL\Glimpse3D\assets\outputs\gen_157695 --ply_path E:\SEM 3\EL\Glimpse3D\assets\outputs\gen_157695\reconstructed.ply --iter 100
2026-01-17 16:18:02,262 - backend.app.services.gsplat_service - INFO - optimize_splats:229 - Optimization successful: E:\SEM 3\EL\Glimpse3D\assets\outputs\gen_157695\reconstructed.ply
2026-01-17 16:18:02,265 - backend.app.routes.generate - INFO - run_generation_task:133 - Generation task gen_157695 completed successfully
2026-01-17 16:20:35,475 - backend.app.routes.generate - INFO - run_generation_task:112 - Starting generation task gen_157695 for E:\SEM 3\EL\Glimpse3D\assets\uploads\1586679589447083833_chair.jpg
2026-01-17 16:20:35,475 - backend.app.services.gsplat_service - INFO - reconstruct_3d:63 - Running reconstruction: python E:\SEM 3\EL\Glimpse3D\ai_modules\gsplat\reconstruct.py E:\SEM 3\EL\Glimpse3D\assets\uploads\1586679589447083833_chair.jpg --output E:\SEM 3\EL\Glimpse3D\assets\outputs\gen_157695\reconstructed.ply
2026-01-17 16:21:27,340 - backend.app.services.gsplat_service - INFO - reconstruct_3d:76 - Reconstruction successful: E:\SEM 3\EL\Glimpse3D\assets\outputs\gen_157695\reconstructed.ply
2026-01-17 16:21:27,369 - backend.app.services.pipeline_manager - WARNING - _run_multi_view_generation:217 - SyncDreamerService not available, using single view only
2026-01-17 16:21:27,408 - backend.app.services.diffusion_service - ERROR - initialize:46 - Failed to initialize diffusion service: Failed to import diffusers.pipelines.controlnet.pipeline_controlnet_sd_xl_img2img because of the following error (look up to see its traceback):
Failed to import diffusers.loaders.ip_adapter because of the following error (look up to see its traceback):
DLL load failed while importing _C: The specified procedure could not be found.
2026-01-17 16:21:27,408 - backend.app.services.diffusion_service - ERROR - enhance_views:160 - Batch enhancement failed: Failed to import diffusers.pipelines.controlnet.pipeline_controlnet_sd_xl_img2img because of the following error (look up to see its traceback):
Failed to import diffusers.loaders.ip_adapter because of the following error (look up to see its traceback):
DLL load failed while importing _C: The specified procedure could not be found.
Traceback (most recent call last):
  File "C:\Users\asus\AppData\Local\Programs\Python\Python311\Lib\site-packages\diffusers\utils\import_utils.py", line 953, in _get_module
    return importlib.import_module("." + module_name, self.__name__)
           ^^^^^^^^^^^^^^^^^^^^^^^^^^^^^^^^^^^^^^^^^^^^^^^^^^^^^^^^^
  File "C:\Users\asus\AppData\Local\Programs\Python\Python311\Lib\importlib\__init__.py", line 126, in import_module
    return _bootstrap._gcd_import(name[level:], package, level)
           ^^^^^^^^^^^^^^^^^^^^^^^^^^^^^^^^^^^^^^^^^^^^^^^^^^^^
  File "<frozen importlib._bootstrap>", line 1204, in _gcd_import
  File "<frozen importlib._bootstrap>", line 1176, in _find_and_load
  File "<frozen importlib._bootstrap>", line 1147, in _find_and_load_unlocked
  File "<frozen importlib._bootstrap>", line 690, in _load_unlocked
  File "<frozen importlib._bootstrap_external>", line 940, in exec_module
  File "<frozen importlib._bootstrap>", line 241, in _call_with_frames_removed
  File "C:\Users\asus\AppData\Local\Programs\Python\Python311\Lib\site-packages\diffusers\loaders\ip_adapter.py", line 40, in <module>
    from ..models.attention_processor import (
  File "C:\Users\asus\AppData\Local\Programs\Python\Python311\Lib\site-packages\diffusers\models\attention_processor.py", line 35, in <module>
    import xformers.ops
  File "C:\Users\asus\AppData\Local\Programs\Python\Python311\Lib\site-packages\xformers\ops\__init__.py", line 9, in <module>
    from .fmha import (
  File "C:\Users\asus\AppData\Local\Programs\Python\Python311\Lib\site-packages\xformers\ops\fmha\__init__.py", line 10, in <module>
    from . import (
  File "C:\Users\asus\AppData\Local\Programs\Python\Python311\Lib\site-packages\xformers\ops\fmha\flash3.py", line 110, in <module>
    from ...flash_attn_3 import _C  # type: ignore[attr-defined]  # noqa: F401
    ^^^^^^^^^^^^^^^^^^^^^^^^^^^^^^
ImportError: DLL load failed while importing _C: The specified procedure could not be found.

The above exception was the direct cause of the following exception:

Traceback (most recent call last):
  File "C:\Users\asus\AppData\Local\Programs\Python\Python311\Lib\site-packages\diffusers\utils\import_utils.py", line 953, in _get_module
    return importlib.import_module("." + module_name, self.__name__)
           ^^^^^^^^^^^^^^^^^^^^^^^^^^^^^^^^^^^^^^^^^^^^^^^^^^^^^^^^^
  File "C:\Users\asus\AppData\Local\Programs\Python\Python311\Lib\importlib\__init__.py", line 126, in import_module
    return _bootstrap._gcd_import(name[level:], package, level)
           ^^^^^^^^^^^^^^^^^^^^^^^^^^^^^^^^^^^^^^^^^^^^^^^^^^^^
  File "<frozen importlib._bootstrap>", line 1204, in _gcd_import
  File "<frozen importlib._bootstrap>", line 1176, in _find_and_load
  File "<frozen importlib._bootstrap>", line 1147, in _find_and_load_unlocked
  File "<frozen importlib._bootstrap>", line 690, in _load_unlocked
  File "<frozen importlib._bootstrap_external>", line 940, in exec_module
  File "<frozen importlib._bootstrap>", line 241, in _call_with_frames_removed
  File "C:\Users\asus\AppData\Local\Programs\Python\Python311\Lib\site-packages\diffusers\pipelines\controlnet\pipeline_controlnet_sd_xl_img2img.py", line 35, in <module>
    from ...loaders import (
  File "<frozen importlib._bootstrap>", line 1229, in _handle_fromlist
  File "C:\Users\asus\AppData\Local\Programs\Python\Python311\Lib\site-packages\diffusers\utils\import_utils.py", line 943, in __getattr__
    module = self._get_module(self._class_to_module[name])
             ^^^^^^^^^^^^^^^^^^^^^^^^^^^^^^^^^^^^^^^^^^^^^
  File "C:\Users\asus\AppData\Local\Programs\Python\Python311\Lib\site-packages\diffusers\utils\import_utils.py", line 955, in _get_module
    raise RuntimeError(
RuntimeError: Failed to import diffusers.loaders.ip_adapter because of the following error (look up to see its traceback):
DLL load failed while importing _C: The specified procedure could not be found.

The above exception was the direct cause of the following exception:

Traceback (most recent call last):
  File "E:\SEM 3\EL\Glimpse3D\backend\app\services\diffusion_service.py", line 121, in enhance_views
    await self.initialize()
  File "E:\SEM 3\EL\Glimpse3D\backend\app\services\diffusion_service.py", line 39, in initialize
    self.enhance_service.load()
  File "E:\SEM 3\EL\Glimpse3D\ai_modules\diffusion\enhance_service.py", line 182, in load
    self.pipeline.load()
  File "E:\SEM 3\EL\Glimpse3D\ai_modules\diffusion\sdxl_lightning.py", line 152, in load
    from diffusers import (
  File "<frozen importlib._bootstrap>", line 1229, in _handle_fromlist
  File "C:\Users\asus\AppData\Local\Programs\Python\Python311\Lib\site-packages\diffusers\utils\import_utils.py", line 944, in __getattr__
    value = getattr(module, name)
            ^^^^^^^^^^^^^^^^^^^^^
  File "C:\Users\asus\AppData\Local\Programs\Python\Python311\Lib\site-packages\diffusers\utils\import_utils.py", line 944, in __getattr__
    value = getattr(module, name)
            ^^^^^^^^^^^^^^^^^^^^^
  File "C:\Users\asus\AppData\Local\Programs\Python\Python311\Lib\site-packages\diffusers\utils\import_utils.py", line 943, in __getattr__
    module = self._get_module(self._class_to_module[name])
             ^^^^^^^^^^^^^^^^^^^^^^^^^^^^^^^^^^^^^^^^^^^^^
  File "C:\Users\asus\AppData\Local\Programs\Python\Python311\Lib\site-packages\diffusers\utils\import_utils.py", line 955, in _get_module
    raise RuntimeError(
RuntimeError: Failed to import diffusers.pipelines.controlnet.pipeline_controlnet_sd_xl_img2img because of the following error (look up to see its traceback):
Failed to import diffusers.loaders.ip_adapter because of the following error (look up to see its traceback):
DLL load failed while importing _C: The specified procedure could not be found.
2026-01-17 16:21:27,414 - backend.app.services.pipeline_manager - WARNING - _run_diffusion_enhancement:247 - Diffusion enhancement failed: Batch enhancement failed: Failed to import diffusers.pipelines.controlnet.pipeline_controlnet_sd_xl_img2img because of the following error (look up to see its traceback):
Failed to import diffusers.loaders.ip_adapter because of the following error (look up to see its traceback):
DLL load failed while importing _C: The specified procedure could not be found.
2026-01-17 16:21:27,415 - backend.app.services.gsplat_service - INFO - optimize_splats:214 - Running optimization: python E:\SEM 3\EL\Glimpse3D\ai_modules\gsplat\train.py E:\SEM 3\EL\Glimpse3D\assets\uploads\1586679589447083833_chair.jpg --out E:\SEM 3\EL\Glimpse3D\assets\outputs\gen_157695 --ply_path E:\SEM 3\EL\Glimpse3D\assets\outputs\gen_157695\reconstructed.ply --iter 100
2026-01-17 16:21:49,789 - backend.app.services.gsplat_service - INFO - optimize_splats:229 - Optimization successful: E:\SEM 3\EL\Glimpse3D\assets\outputs\gen_157695\reconstructed.ply
2026-01-17 16:21:49,789 - backend.app.routes.generate - INFO - run_generation_task:133 - Generation task gen_157695 completed successfully
2026-01-17 16:32:57,583 - backend.app.routes.generate - INFO - run_generation_task:112 - Starting generation task gen_120404 for E:\SEM 3\EL\Glimpse3D\assets\uploads\-8067923609842863486_chair.jpg
2026-01-17 16:32:57,589 - backend.app.services.gsplat_service - INFO - reconstruct_3d:63 - Running reconstruction: python E:\SEM 3\EL\Glimpse3D\ai_modules\gsplat\reconstruct.py E:\SEM 3\EL\Glimpse3D\assets\uploads\-8067923609842863486_chair.jpg --output E:\SEM 3\EL\Glimpse3D\assets\outputs\gen_120404\reconstructed.ply
2026-01-17 16:34:06,628 - backend.app.services.gsplat_service - INFO - reconstruct_3d:76 - Reconstruction successful: E:\SEM 3\EL\Glimpse3D\assets\outputs\gen_120404\reconstructed.ply
2026-01-17 16:34:35,175 - backend.app.services.pipeline_manager - WARNING - _run_multi_view_generation:217 - SyncDreamerService not available, using single view only
2026-01-17 16:34:37,445 - backend.app.services.diffusion_service - ERROR - initialize:46 - Failed to initialize diffusion service: Failed to import diffusers.pipelines.controlnet.pipeline_controlnet_sd_xl_img2img because of the following error (look up to see its traceback):
Failed to import diffusers.loaders.ip_adapter because of the following error (look up to see its traceback):
DLL load failed while importing _C: The specified procedure could not be found.
2026-01-17 16:34:37,446 - backend.app.services.diffusion_service - ERROR - enhance_views:160 - Batch enhancement failed: Failed to import diffusers.pipelines.controlnet.pipeline_controlnet_sd_xl_img2img because of the following error (look up to see its traceback):
Failed to import diffusers.loaders.ip_adapter because of the following error (look up to see its traceback):
DLL load failed while importing _C: The specified procedure could not be found.
Traceback (most recent call last):
  File "C:\Users\asus\AppData\Local\Programs\Python\Python311\Lib\site-packages\diffusers\utils\import_utils.py", line 953, in _get_module
    return importlib.import_module("." + module_name, self.__name__)
           ^^^^^^^^^^^^^^^^^^^^^^^^^^^^^^^^^^^^^^^^^^^^^^^^^^^^^^^^^
  File "C:\Users\asus\AppData\Local\Programs\Python\Python311\Lib\importlib\__init__.py", line 126, in import_module
    return _bootstrap._gcd_import(name[level:], package, level)
           ^^^^^^^^^^^^^^^^^^^^^^^^^^^^^^^^^^^^^^^^^^^^^^^^^^^^
  File "<frozen importlib._bootstrap>", line 1204, in _gcd_import
  File "<frozen importlib._bootstrap>", line 1176, in _find_and_load
  File "<frozen importlib._bootstrap>", line 1147, in _find_and_load_unlocked
  File "<frozen importlib._bootstrap>", line 690, in _load_unlocked
  File "<frozen importlib._bootstrap_external>", line 940, in exec_module
  File "<frozen importlib._bootstrap>", line 241, in _call_with_frames_removed
  File "C:\Users\asus\AppData\Local\Programs\Python\Python311\Lib\site-packages\diffusers\loaders\ip_adapter.py", line 40, in <module>
    from ..models.attention_processor import (
  File "C:\Users\asus\AppData\Local\Programs\Python\Python311\Lib\site-packages\diffusers\models\attention_processor.py", line 35, in <module>
    import xformers.ops
  File "C:\Users\asus\AppData\Local\Programs\Python\Python311\Lib\site-packages\xformers\ops\__init__.py", line 9, in <module>
    from .fmha import (
  File "C:\Users\asus\AppData\Local\Programs\Python\Python311\Lib\site-packages\xformers\ops\fmha\__init__.py", line 10, in <module>
    from . import (
  File "C:\Users\asus\AppData\Local\Programs\Python\Python311\Lib\site-packages\xformers\ops\fmha\flash3.py", line 110, in <module>
    from ...flash_attn_3 import _C  # type: ignore[attr-defined]  # noqa: F401
    ^^^^^^^^^^^^^^^^^^^^^^^^^^^^^^
ImportError: DLL load failed while importing _C: The specified procedure could not be found.

The above exception was the direct cause of the following exception:

Traceback (most recent call last):
  File "C:\Users\asus\AppData\Local\Programs\Python\Python311\Lib\site-packages\diffusers\utils\import_utils.py", line 953, in _get_module
    return importlib.import_module("." + module_name, self.__name__)
           ^^^^^^^^^^^^^^^^^^^^^^^^^^^^^^^^^^^^^^^^^^^^^^^^^^^^^^^^^
  File "C:\Users\asus\AppData\Local\Programs\Python\Python311\Lib\importlib\__init__.py", line 126, in import_module
    return _bootstrap._gcd_import(name[level:], package, level)
           ^^^^^^^^^^^^^^^^^^^^^^^^^^^^^^^^^^^^^^^^^^^^^^^^^^^^
  File "<frozen importlib._bootstrap>", line 1204, in _gcd_import
  File "<frozen importlib._bootstrap>", line 1176, in _find_and_load
  File "<frozen importlib._bootstrap>", line 1147, in _find_and_load_unlocked
  File "<frozen importlib._bootstrap>", line 690, in _load_unlocked
  File "<frozen importlib._bootstrap_external>", line 940, in exec_module
  File "<frozen importlib._bootstrap>", line 241, in _call_with_frames_removed
  File "C:\Users\asus\AppData\Local\Programs\Python\Python311\Lib\site-packages\diffusers\pipelines\controlnet\pipeline_controlnet_sd_xl_img2img.py", line 35, in <module>
    from ...loaders import (
  File "<frozen importlib._bootstrap>", line 1229, in _handle_fromlist
  File "C:\Users\asus\AppData\Local\Programs\Python\Python311\Lib\site-packages\diffusers\utils\import_utils.py", line 943, in __getattr__
    module = self._get_module(self._class_to_module[name])
             ^^^^^^^^^^^^^^^^^^^^^^^^^^^^^^^^^^^^^^^^^^^^^
  File "C:\Users\asus\AppData\Local\Programs\Python\Python311\Lib\site-packages\diffusers\utils\import_utils.py", line 955, in _get_module
    raise RuntimeError(
RuntimeError: Failed to import diffusers.loaders.ip_adapter because of the following error (look up to see its traceback):
DLL load failed while importing _C: The specified procedure could not be found.

The above exception was the direct cause of the following exception:

Traceback (most recent call last):
  File "E:\SEM 3\EL\Glimpse3D\backend\app\services\diffusion_service.py", line 121, in enhance_views
    await self.initialize()
  File "E:\SEM 3\EL\Glimpse3D\backend\app\services\diffusion_service.py", line 39, in initialize
    self.enhance_service.load()
  File "E:\SEM 3\EL\Glimpse3D\ai_modules\diffusion\enhance_service.py", line 182, in load
    self.pipeline.load()
  File "E:\SEM 3\EL\Glimpse3D\ai_modules\diffusion\sdxl_lightning.py", line 152, in load
    from diffusers import (
  File "<frozen importlib._bootstrap>", line 1229, in _handle_fromlist
  File "C:\Users\asus\AppData\Local\Programs\Python\Python311\Lib\site-packages\diffusers\utils\import_utils.py", line 944, in __getattr__
    value = getattr(module, name)
            ^^^^^^^^^^^^^^^^^^^^^
  File "C:\Users\asus\AppData\Local\Programs\Python\Python311\Lib\site-packages\diffusers\utils\import_utils.py", line 944, in __getattr__
    value = getattr(module, name)
            ^^^^^^^^^^^^^^^^^^^^^
  File "C:\Users\asus\AppData\Local\Programs\Python\Python311\Lib\site-packages\diffusers\utils\import_utils.py", line 943, in __getattr__
    module = self._get_module(self._class_to_module[name])
             ^^^^^^^^^^^^^^^^^^^^^^^^^^^^^^^^^^^^^^^^^^^^^
  File "C:\Users\asus\AppData\Local\Programs\Python\Python311\Lib\site-packages\diffusers\utils\import_utils.py", line 955, in _get_module
    raise RuntimeError(
RuntimeError: Failed to import diffusers.pipelines.controlnet.pipeline_controlnet_sd_xl_img2img because of the following error (look up to see its traceback):
Failed to import diffusers.loaders.ip_adapter because of the following error (look up to see its traceback):
DLL load failed while importing _C: The specified procedure could not be found.
2026-01-17 16:34:37,467 - backend.app.services.pipeline_manager - WARNING - _run_diffusion_enhancement:247 - Diffusion enhancement failed: Batch enhancement failed: Failed to import diffusers.pipelines.controlnet.pipeline_controlnet_sd_xl_img2img because of the following error (look up to see its traceback):
Failed to import diffusers.loaders.ip_adapter because of the following error (look up to see its traceback):
DLL load failed while importing _C: The specified procedure could not be found.
2026-01-17 16:34:37,468 - backend.app.services.gsplat_service - INFO - optimize_splats:214 - Running optimization: python E:\SEM 3\EL\Glimpse3D\ai_modules\gsplat\train.py E:\SEM 3\EL\Glimpse3D\assets\uploads\-8067923609842863486_chair.jpg --out E:\SEM 3\EL\Glimpse3D\assets\outputs\gen_120404 --ply_path E:\SEM 3\EL\Glimpse3D\assets\outputs\gen_120404\reconstructed.ply --iter 100
2026-01-17 16:34:47,129 - backend.app.services.gsplat_service - ERROR - optimize_splats:242 - Optimization failed: Traceback (most recent call last):
  File "E:\SEM 3\EL\Glimpse3D\ai_modules\gsplat\train.py", line 156, in <module>
    main()
  File "E:\SEM 3\EL\Glimpse3D\ai_modules\gsplat\train.py", line 153, in main
    train_pipeline(args.image, args.out, args.iter, args.ply_path)
  File "E:\SEM 3\EL\Glimpse3D\ai_modules\gsplat\train.py", line 68, in train_pipeline
    gs_model = load_ply(initial_ply_path)
               ^^^^^^^^^^^^^^^^^^^^^^^^^^
  File "E:\SEM 3\EL\Glimpse3D\ai_modules\gsplat\utils_gs.py", line 131, in load_ply
    model._opacity = torch.tensor(opacities, dtype=torch.float32)
                     ^^^^^^^^^^^^^^^^^^^^^^^^^^^^^^^^^^^^^^^^^^^^
ValueError: given numpy array strides not a multiple of the element byte size. Copy the numpy array to reallocate the memory.

2026-01-17 16:34:47,129 - backend.app.services.pipeline_manager - WARNING - _run_refinement:274 - Refinement failed: Optimization failed: Traceback (most recent call last):
  File "E:\SEM 3\EL\Glimpse3D\ai_modules\gsplat\train.py", line 156, in <module>
    main()
  File "E:\SEM 3\EL\Glimpse3D\ai_modules\gsplat\train.py", line 153, in main
    train_pipeline(args.image, args.out, args.iter, args.ply_path)
  File "E:\SEM 3\EL\Glimpse3D\ai_modules\gsplat\train.py", line 68, in train_pipeline
    gs_model = load_ply(initial_ply_path)
               ^^^^^^^^^^^^^^^^^^^^^^^^^^
  File "E:\SEM 3\EL\Glimpse3D\ai_modules\gsplat\utils_gs.py", line 131, in load_ply
    model._opacity = torch.tensor(opacities, dtype=torch.float32)
                     ^^^^^^^^^^^^^^^^^^^^^^^^^^^^^^^^^^^^^^^^^^^^
ValueError: given numpy array strides not a multiple of the element byte size. Copy the numpy array to reallocate the memory.
, using coarse model
2026-01-17 16:34:47,129 - backend.app.routes.generate - INFO - run_generation_task:133 - Generation task gen_120404 completed successfully
2026-01-17 16:38:35,069 - backend.app.routes.generate - INFO - run_generation_task:112 - Starting generation task gen_120404 for E:\SEM 3\EL\Glimpse3D\assets\uploads\-8067923609842863486_chair.jpg
2026-01-17 16:38:35,070 - backend.app.services.gsplat_service - INFO - reconstruct_3d:63 - Running reconstruction: python E:\SEM 3\EL\Glimpse3D\ai_modules\gsplat\reconstruct.py E:\SEM 3\EL\Glimpse3D\assets\uploads\-8067923609842863486_chair.jpg --output E:\SEM 3\EL\Glimpse3D\assets\outputs\gen_120404\reconstructed.ply
2026-01-17 16:39:25,591 - backend.app.services.gsplat_service - INFO - reconstruct_3d:76 - Reconstruction successful: E:\SEM 3\EL\Glimpse3D\assets\outputs\gen_120404\reconstructed.ply
2026-01-17 16:39:25,605 - backend.app.services.pipeline_manager - WARNING - _run_multi_view_generation:217 - SyncDreamerService not available, using single view only
2026-01-17 16:39:25,650 - backend.app.services.diffusion_service - ERROR - initialize:46 - Failed to initialize diffusion service: Failed to import diffusers.pipelines.controlnet.pipeline_controlnet_sd_xl_img2img because of the following error (look up to see its traceback):
Failed to import diffusers.loaders.ip_adapter because of the following error (look up to see its traceback):
DLL load failed while importing _C: The specified procedure could not be found.
2026-01-17 16:39:25,650 - backend.app.services.diffusion_service - ERROR - enhance_views:160 - Batch enhancement failed: Failed to import diffusers.pipelines.controlnet.pipeline_controlnet_sd_xl_img2img because of the following error (look up to see its traceback):
Failed to import diffusers.loaders.ip_adapter because of the following error (look up to see its traceback):
DLL load failed while importing _C: The specified procedure could not be found.
Traceback (most recent call last):
  File "C:\Users\asus\AppData\Local\Programs\Python\Python311\Lib\site-packages\diffusers\utils\import_utils.py", line 953, in _get_module
    return importlib.import_module("." + module_name, self.__name__)
           ^^^^^^^^^^^^^^^^^^^^^^^^^^^^^^^^^^^^^^^^^^^^^^^^^^^^^^^^^
  File "C:\Users\asus\AppData\Local\Programs\Python\Python311\Lib\importlib\__init__.py", line 126, in import_module
    return _bootstrap._gcd_import(name[level:], package, level)
           ^^^^^^^^^^^^^^^^^^^^^^^^^^^^^^^^^^^^^^^^^^^^^^^^^^^^
  File "<frozen importlib._bootstrap>", line 1204, in _gcd_import
  File "<frozen importlib._bootstrap>", line 1176, in _find_and_load
  File "<frozen importlib._bootstrap>", line 1147, in _find_and_load_unlocked
  File "<frozen importlib._bootstrap>", line 690, in _load_unlocked
  File "<frozen importlib._bootstrap_external>", line 940, in exec_module
  File "<frozen importlib._bootstrap>", line 241, in _call_with_frames_removed
  File "C:\Users\asus\AppData\Local\Programs\Python\Python311\Lib\site-packages\diffusers\loaders\ip_adapter.py", line 40, in <module>
    from ..models.attention_processor import (
  File "C:\Users\asus\AppData\Local\Programs\Python\Python311\Lib\site-packages\diffusers\models\attention_processor.py", line 35, in <module>
    import xformers.ops
  File "C:\Users\asus\AppData\Local\Programs\Python\Python311\Lib\site-packages\xformers\ops\__init__.py", line 9, in <module>
    from .fmha import (
  File "C:\Users\asus\AppData\Local\Programs\Python\Python311\Lib\site-packages\xformers\ops\fmha\__init__.py", line 10, in <module>
    from . import (
  File "C:\Users\asus\AppData\Local\Programs\Python\Python311\Lib\site-packages\xformers\ops\fmha\flash3.py", line 110, in <module>
    from ...flash_attn_3 import _C  # type: ignore[attr-defined]  # noqa: F401
    ^^^^^^^^^^^^^^^^^^^^^^^^^^^^^^
ImportError: DLL load failed while importing _C: The specified procedure could not be found.

The above exception was the direct cause of the following exception:

Traceback (most recent call last):
  File "C:\Users\asus\AppData\Local\Programs\Python\Python311\Lib\site-packages\diffusers\utils\import_utils.py", line 953, in _get_module
    return importlib.import_module("." + module_name, self.__name__)
           ^^^^^^^^^^^^^^^^^^^^^^^^^^^^^^^^^^^^^^^^^^^^^^^^^^^^^^^^^
  File "C:\Users\asus\AppData\Local\Programs\Python\Python311\Lib\importlib\__init__.py", line 126, in import_module
    return _bootstrap._gcd_import(name[level:], package, level)
           ^^^^^^^^^^^^^^^^^^^^^^^^^^^^^^^^^^^^^^^^^^^^^^^^^^^^
  File "<frozen importlib._bootstrap>", line 1204, in _gcd_import
  File "<frozen importlib._bootstrap>", line 1176, in _find_and_load
  File "<frozen importlib._bootstrap>", line 1147, in _find_and_load_unlocked
  File "<frozen importlib._bootstrap>", line 690, in _load_unlocked
  File "<frozen importlib._bootstrap_external>", line 940, in exec_module
  File "<frozen importlib._bootstrap>", line 241, in _call_with_frames_removed
  File "C:\Users\asus\AppData\Local\Programs\Python\Python311\Lib\site-packages\diffusers\pipelines\controlnet\pipeline_controlnet_sd_xl_img2img.py", line 35, in <module>
    from ...loaders import (
  File "<frozen importlib._bootstrap>", line 1229, in _handle_fromlist
  File "C:\Users\asus\AppData\Local\Programs\Python\Python311\Lib\site-packages\diffusers\utils\import_utils.py", line 943, in __getattr__
    module = self._get_module(self._class_to_module[name])
             ^^^^^^^^^^^^^^^^^^^^^^^^^^^^^^^^^^^^^^^^^^^^^
  File "C:\Users\asus\AppData\Local\Programs\Python\Python311\Lib\site-packages\diffusers\utils\import_utils.py", line 955, in _get_module
    raise RuntimeError(
RuntimeError: Failed to import diffusers.loaders.ip_adapter because of the following error (look up to see its traceback):
DLL load failed while importing _C: The specified procedure could not be found.

The above exception was the direct cause of the following exception:

Traceback (most recent call last):
  File "E:\SEM 3\EL\Glimpse3D\backend\app\services\diffusion_service.py", line 121, in enhance_views
    await self.initialize()
  File "E:\SEM 3\EL\Glimpse3D\backend\app\services\diffusion_service.py", line 39, in initialize
    self.enhance_service.load()
  File "E:\SEM 3\EL\Glimpse3D\ai_modules\diffusion\enhance_service.py", line 182, in load
    self.pipeline.load()
  File "E:\SEM 3\EL\Glimpse3D\ai_modules\diffusion\sdxl_lightning.py", line 152, in load
    from diffusers import (
  File "<frozen importlib._bootstrap>", line 1229, in _handle_fromlist
  File "C:\Users\asus\AppData\Local\Programs\Python\Python311\Lib\site-packages\diffusers\utils\import_utils.py", line 944, in __getattr__
    value = getattr(module, name)
            ^^^^^^^^^^^^^^^^^^^^^
  File "C:\Users\asus\AppData\Local\Programs\Python\Python311\Lib\site-packages\diffusers\utils\import_utils.py", line 944, in __getattr__
    value = getattr(module, name)
            ^^^^^^^^^^^^^^^^^^^^^
  File "C:\Users\asus\AppData\Local\Programs\Python\Python311\Lib\site-packages\diffusers\utils\import_utils.py", line 943, in __getattr__
    module = self._get_module(self._class_to_module[name])
             ^^^^^^^^^^^^^^^^^^^^^^^^^^^^^^^^^^^^^^^^^^^^^
  File "C:\Users\asus\AppData\Local\Programs\Python\Python311\Lib\site-packages\diffusers\utils\import_utils.py", line 955, in _get_module
    raise RuntimeError(
RuntimeError: Failed to import diffusers.pipelines.controlnet.pipeline_controlnet_sd_xl_img2img because of the following error (look up to see its traceback):
Failed to import diffusers.loaders.ip_adapter because of the following error (look up to see its traceback):
DLL load failed while importing _C: The specified procedure could not be found.
2026-01-17 16:39:25,655 - backend.app.services.pipeline_manager - WARNING - _run_diffusion_enhancement:247 - Diffusion enhancement failed: Batch enhancement failed: Failed to import diffusers.pipelines.controlnet.pipeline_controlnet_sd_xl_img2img because of the following error (look up to see its traceback):
Failed to import diffusers.loaders.ip_adapter because of the following error (look up to see its traceback):
DLL load failed while importing _C: The specified procedure could not be found.
2026-01-17 16:39:25,655 - backend.app.services.gsplat_service - INFO - optimize_splats:214 - Running optimization: python E:\SEM 3\EL\Glimpse3D\ai_modules\gsplat\train.py E:\SEM 3\EL\Glimpse3D\assets\uploads\-8067923609842863486_chair.jpg --out E:\SEM 3\EL\Glimpse3D\assets\outputs\gen_120404 --ply_path E:\SEM 3\EL\Glimpse3D\assets\outputs\gen_120404\reconstructed.ply --iter 100
2026-01-17 16:39:38,990 - backend.app.services.gsplat_service - ERROR - optimize_splats:242 - Optimization failed: Traceback (most recent call last):
  File "E:\SEM 3\EL\Glimpse3D\ai_modules\gsplat\train.py", line 156, in <module>
    main()
  File "E:\SEM 3\EL\Glimpse3D\ai_modules\gsplat\train.py", line 153, in main
    train_pipeline(args.image, args.out, args.iter, args.ply_path)
  File "E:\SEM 3\EL\Glimpse3D\ai_modules\gsplat\train.py", line 68, in train_pipeline
    gs_model = load_ply(initial_ply_path)
               ^^^^^^^^^^^^^^^^^^^^^^^^^^
  File "E:\SEM 3\EL\Glimpse3D\ai_modules\gsplat\utils_gs.py", line 131, in load_ply
    model._opacity = torch.tensor(opacities, dtype=torch.float32)
                     ^^^^^^^^^^^^^^^^^^^^^^^^^^^^^^^^^^^^^^^^^^^^
ValueError: given numpy array strides not a multiple of the element byte size. Copy the numpy array to reallocate the memory.

2026-01-17 16:39:38,990 - backend.app.services.pipeline_manager - WARNING - _run_refinement:274 - Refinement failed: Optimization failed: Traceback (most recent call last):
  File "E:\SEM 3\EL\Glimpse3D\ai_modules\gsplat\train.py", line 156, in <module>
    main()
  File "E:\SEM 3\EL\Glimpse3D\ai_modules\gsplat\train.py", line 153, in main
    train_pipeline(args.image, args.out, args.iter, args.ply_path)
  File "E:\SEM 3\EL\Glimpse3D\ai_modules\gsplat\train.py", line 68, in train_pipeline
    gs_model = load_ply(initial_ply_path)
               ^^^^^^^^^^^^^^^^^^^^^^^^^^
  File "E:\SEM 3\EL\Glimpse3D\ai_modules\gsplat\utils_gs.py", line 131, in load_ply
    model._opacity = torch.tensor(opacities, dtype=torch.float32)
                     ^^^^^^^^^^^^^^^^^^^^^^^^^^^^^^^^^^^^^^^^^^^^
ValueError: given numpy array strides not a multiple of the element byte size. Copy the numpy array to reallocate the memory.
, using coarse model
2026-01-17 16:39:38,990 - backend.app.routes.generate - INFO - run_generation_task:133 - Generation task gen_120404 completed successfully
